{"E:\\Online Courses\\Udemy Courses\\The complete 2024 Web Development Bootcamp\\New projects\\Tetris\\sum.js": {"path":"E:\\Online Courses\\Udemy Courses\\The complete 2024 Web Development Bootcamp\\New projects\\Tetris\\sum.js","statementMap":{"0":{"start":{"line":2,"column":2},"end":{"line":2,"column":15}}},"fnMap":{"0":{"name":"sum","decl":{"start":{"line":1,"column":24},"end":{"line":1,"column":27}},"loc":{"start":{"line":1,"column":34},"end":{"line":3,"column":1}},"line":1}},"branchMap":{},"s":{"0":1},"f":{"0":1},"b":{},"_coverageSchema":"1a1c01bbd47fc00a2c39e90264f33305004495a9","hash":"6197b7fcd9822a405dcf649267c81c5e7496f562"}
,"E:\\Online Courses\\Udemy Courses\\The complete 2024 Web Development Bootcamp\\New projects\\Tetris\\eventListeners\\directEventLists.js": {"path":"E:\\Online Courses\\Udemy Courses\\The complete 2024 Web Development Bootcamp\\New projects\\Tetris\\eventListeners\\directEventLists.js","statementMap":{"0":{"start":{"line":15,"column":2},"end":{"line":23,"column":5}},"1":{"start":{"line":16,"column":4},"end":{"line":16,"column":57}},"2":{"start":{"line":17,"column":4},"end":{"line":17,"column":53}},"3":{"start":{"line":18,"column":4},"end":{"line":18,"column":54}},"4":{"start":{"line":19,"column":4},"end":{"line":19,"column":53}},"5":{"start":{"line":20,"column":4},"end":{"line":20,"column":50}},"6":{"start":{"line":21,"column":4},"end":{"line":21,"column":51}},"7":{"start":{"line":22,"column":4},"end":{"line":22,"column":50}},"8":{"start":{"line":25,"column":2},"end":{"line":25,"column":74}},"9":{"start":{"line":27,"column":2},"end":{"line":27,"column":75}},"10":{"start":{"line":29,"column":2},"end":{"line":36,"column":5}},"11":{"start":{"line":30,"column":4},"end":{"line":35,"column":6}},"12":{"start":{"line":38,"column":2},"end":{"line":45,"column":5}},"13":{"start":{"line":39,"column":4},"end":{"line":44,"column":6}},"14":{"start":{"line":47,"column":2},"end":{"line":54,"column":5}},"15":{"start":{"line":48,"column":4},"end":{"line":53,"column":6}},"16":{"start":{"line":56,"column":2},"end":{"line":63,"column":5}},"17":{"start":{"line":57,"column":4},"end":{"line":62,"column":5}},"18":{"start":{"line":58,"column":6},"end":{"line":61,"column":8}},"19":{"start":{"line":65,"column":2},"end":{"line":72,"column":5}},"20":{"start":{"line":66,"column":4},"end":{"line":71,"column":5}},"21":{"start":{"line":67,"column":6},"end":{"line":70,"column":8}},"22":{"start":{"line":74,"column":2},"end":{"line":81,"column":5}},"23":{"start":{"line":75,"column":4},"end":{"line":80,"column":5}},"24":{"start":{"line":76,"column":6},"end":{"line":79,"column":8}},"25":{"start":{"line":86,"column":2},"end":{"line":86,"column":67}},"26":{"start":{"line":88,"column":2},"end":{"line":90,"column":5}},"27":{"start":{"line":89,"column":4},"end":{"line":89,"column":65}},"28":{"start":{"line":92,"column":2},"end":{"line":94,"column":5}},"29":{"start":{"line":93,"column":4},"end":{"line":93,"column":66}},"30":{"start":{"line":96,"column":2},"end":{"line":98,"column":5}},"31":{"start":{"line":97,"column":4},"end":{"line":97,"column":65}},"32":{"start":{"line":100,"column":2},"end":{"line":102,"column":5}},"33":{"start":{"line":101,"column":4},"end":{"line":101,"column":65}},"34":{"start":{"line":104,"column":2},"end":{"line":106,"column":5}},"35":{"start":{"line":105,"column":4},"end":{"line":105,"column":72}},"36":{"start":{"line":108,"column":2},"end":{"line":110,"column":5}},"37":{"start":{"line":109,"column":4},"end":{"line":109,"column":76}},"38":{"start":{"line":112,"column":2},"end":{"line":114,"column":5}},"39":{"start":{"line":113,"column":4},"end":{"line":113,"column":61}},"40":{"start":{"line":116,"column":2},"end":{"line":118,"column":5}},"41":{"start":{"line":117,"column":4},"end":{"line":117,"column":61}},"42":{"start":{"line":121,"column":2},"end":{"line":121,"column":75}},"43":{"start":{"line":123,"column":2},"end":{"line":126,"column":4}},"44":{"start":{"line":128,"column":2},"end":{"line":135,"column":5}},"45":{"start":{"line":129,"column":4},"end":{"line":134,"column":5}},"46":{"start":{"line":130,"column":6},"end":{"line":130,"column":37}},"47":{"start":{"line":131,"column":6},"end":{"line":131,"column":42}},"48":{"start":{"line":132,"column":6},"end":{"line":132,"column":33}},"49":{"start":{"line":133,"column":6},"end":{"line":133,"column":30}},"50":{"start":{"line":137,"column":2},"end":{"line":140,"column":4}},"51":{"start":{"line":146,"column":2},"end":{"line":150,"column":4}},"52":{"start":{"line":148,"column":11},"end":{"line":148,"column":29}},"53":{"start":{"line":152,"column":23},"end":{"line":154,"column":4}},"54":{"start":{"line":156,"column":24},"end":{"line":158,"column":4}},"55":{"start":{"line":160,"column":21},"end":{"line":162,"column":4}},"56":{"start":{"line":164,"column":23},"end":{"line":166,"column":4}},"57":{"start":{"line":169,"column":19},"end":{"line":169,"column":50}},"58":{"start":{"line":170,"column":19},"end":{"line":170,"column":50}},"59":{"start":{"line":172,"column":15},"end":{"line":172,"column":20}},"60":{"start":{"line":173,"column":15},"end":{"line":173,"column":20}},"61":{"start":{"line":175,"column":4},"end":{"line":179,"column":5}},"62":{"start":{"line":176,"column":6},"end":{"line":176,"column":18}},"63":{"start":{"line":178,"column":6},"end":{"line":178,"column":18}},"64":{"start":{"line":181,"column":4},"end":{"line":187,"column":5}},"65":{"start":{"line":182,"column":6},"end":{"line":186,"column":7}},"66":{"start":{"line":183,"column":8},"end":{"line":183,"column":46}},"67":{"start":{"line":185,"column":8},"end":{"line":185,"column":45}},"68":{"start":{"line":189,"column":4},"end":{"line":195,"column":5}},"69":{"start":{"line":190,"column":6},"end":{"line":194,"column":7}},"70":{"start":{"line":191,"column":8},"end":{"line":191,"column":45}},"71":{"start":{"line":193,"column":8},"end":{"line":193,"column":43}},"72":{"start":{"line":198,"column":2},"end":{"line":200,"column":4}},"73":{"start":{"line":199,"column":4},"end":{"line":199,"column":22}},"74":{"start":{"line":202,"column":2},"end":{"line":205,"column":5}},"75":{"start":{"line":203,"column":4},"end":{"line":203,"column":32}},"76":{"start":{"line":204,"column":4},"end":{"line":204,"column":32}},"77":{"start":{"line":207,"column":2},"end":{"line":212,"column":5}},"78":{"start":{"line":208,"column":4},"end":{"line":208,"column":30}},"79":{"start":{"line":209,"column":4},"end":{"line":209,"column":30}},"80":{"start":{"line":211,"column":4},"end":{"line":211,"column":20}},"81":{"start":{"line":214,"column":2},"end":{"line":217,"column":5}},"82":{"start":{"line":215,"column":4},"end":{"line":215,"column":43}},"83":{"start":{"line":216,"column":4},"end":{"line":216,"column":43}},"84":{"start":{"line":219,"column":2},"end":{"line":224,"column":5}},"85":{"start":{"line":220,"column":4},"end":{"line":220,"column":48}},"86":{"start":{"line":221,"column":4},"end":{"line":221,"column":48}},"87":{"start":{"line":223,"column":4},"end":{"line":223,"column":20}}},"fnMap":{"0":{"name":"setUpIndependentEventListeners","decl":{"start":{"line":14,"column":16},"end":{"line":14,"column":46}},"loc":{"start":{"line":14,"column":49},"end":{"line":82,"column":1}},"line":14},"1":{"name":"(anonymous_1)","decl":{"start":{"line":15,"column":34},"end":{"line":15,"column":35}},"loc":{"start":{"line":15,"column":40},"end":{"line":23,"column":3}},"line":15},"2":{"name":"(anonymous_2)","decl":{"start":{"line":29,"column":50},"end":{"line":29,"column":51}},"loc":{"start":{"line":29,"column":57},"end":{"line":36,"column":3}},"line":29},"3":{"name":"(anonymous_3)","decl":{"start":{"line":38,"column":50},"end":{"line":38,"column":51}},"loc":{"start":{"line":38,"column":57},"end":{"line":45,"column":3}},"line":38},"4":{"name":"(anonymous_4)","decl":{"start":{"line":47,"column":51},"end":{"line":47,"column":52}},"loc":{"start":{"line":47,"column":58},"end":{"line":54,"column":3}},"line":47},"5":{"name":"(anonymous_5)","decl":{"start":{"line":56,"column":52},"end":{"line":56,"column":53}},"loc":{"start":{"line":56,"column":58},"end":{"line":63,"column":3}},"line":56},"6":{"name":"(anonymous_6)","decl":{"start":{"line":65,"column":52},"end":{"line":65,"column":53}},"loc":{"start":{"line":65,"column":58},"end":{"line":72,"column":3}},"line":65},"7":{"name":"(anonymous_7)","decl":{"start":{"line":74,"column":53},"end":{"line":74,"column":54}},"loc":{"start":{"line":74,"column":59},"end":{"line":81,"column":3}},"line":74},"8":{"name":"setUpDependentEventListeners","decl":{"start":{"line":85,"column":16},"end":{"line":85,"column":44}},"loc":{"start":{"line":85,"column":47},"end":{"line":141,"column":1}},"line":85},"9":{"name":"(anonymous_9)","decl":{"start":{"line":88,"column":49},"end":{"line":88,"column":50}},"loc":{"start":{"line":88,"column":55},"end":{"line":90,"column":3}},"line":88},"10":{"name":"(anonymous_10)","decl":{"start":{"line":92,"column":50},"end":{"line":92,"column":51}},"loc":{"start":{"line":92,"column":56},"end":{"line":94,"column":3}},"line":92},"11":{"name":"(anonymous_11)","decl":{"start":{"line":96,"column":54},"end":{"line":96,"column":55}},"loc":{"start":{"line":96,"column":60},"end":{"line":98,"column":3}},"line":96},"12":{"name":"(anonymous_12)","decl":{"start":{"line":100,"column":54},"end":{"line":100,"column":55}},"loc":{"start":{"line":100,"column":60},"end":{"line":102,"column":3}},"line":100},"13":{"name":"(anonymous_13)","decl":{"start":{"line":104,"column":56},"end":{"line":104,"column":57}},"loc":{"start":{"line":104,"column":62},"end":{"line":106,"column":3}},"line":104},"14":{"name":"(anonymous_14)","decl":{"start":{"line":108,"column":60},"end":{"line":108,"column":61}},"loc":{"start":{"line":108,"column":66},"end":{"line":110,"column":3}},"line":108},"15":{"name":"(anonymous_15)","decl":{"start":{"line":112,"column":51},"end":{"line":112,"column":52}},"loc":{"start":{"line":112,"column":57},"end":{"line":114,"column":3}},"line":112},"16":{"name":"(anonymous_16)","decl":{"start":{"line":116,"column":51},"end":{"line":116,"column":52}},"loc":{"start":{"line":116,"column":57},"end":{"line":118,"column":3}},"line":116},"17":{"name":"(anonymous_17)","decl":{"start":{"line":128,"column":49},"end":{"line":128,"column":50}},"loc":{"start":{"line":128,"column":55},"end":{"line":135,"column":3}},"line":128},"18":{"name":"setUpTouchControls","decl":{"start":{"line":145,"column":16},"end":{"line":145,"column":34}},"loc":{"start":{"line":145,"column":37},"end":{"line":225,"column":1}},"line":145},"19":{"name":"(anonymous_19)","decl":{"start":{"line":148,"column":4},"end":{"line":148,"column":5}},"loc":{"start":{"line":148,"column":11},"end":{"line":148,"column":29}},"line":148},"20":{"name":"handleGesture","decl":{"start":{"line":168,"column":11},"end":{"line":168,"column":24}},"loc":{"start":{"line":168,"column":27},"end":{"line":196,"column":3}},"line":168},"21":{"name":"(anonymous_21)","decl":{"start":{"line":198,"column":59},"end":{"line":198,"column":60}},"loc":{"start":{"line":199,"column":4},"end":{"line":199,"column":22}},"line":199},"22":{"name":"(anonymous_22)","decl":{"start":{"line":202,"column":59},"end":{"line":202,"column":60}},"loc":{"start":{"line":202,"column":66},"end":{"line":205,"column":3}},"line":202},"23":{"name":"(anonymous_23)","decl":{"start":{"line":207,"column":57},"end":{"line":207,"column":58}},"loc":{"start":{"line":207,"column":64},"end":{"line":212,"column":3}},"line":207},"24":{"name":"(anonymous_24)","decl":{"start":{"line":214,"column":60},"end":{"line":214,"column":61}},"loc":{"start":{"line":214,"column":67},"end":{"line":217,"column":3}},"line":214},"25":{"name":"(anonymous_25)","decl":{"start":{"line":219,"column":58},"end":{"line":219,"column":59}},"loc":{"start":{"line":219,"column":65},"end":{"line":224,"column":3}},"line":219}},"branchMap":{"0":{"loc":{"start":{"line":57,"column":4},"end":{"line":62,"column":5}},"type":"if","locations":[{"start":{"line":57,"column":4},"end":{"line":62,"column":5}},{"start":{},"end":{}}],"line":57},"1":{"loc":{"start":{"line":66,"column":4},"end":{"line":71,"column":5}},"type":"if","locations":[{"start":{"line":66,"column":4},"end":{"line":71,"column":5}},{"start":{},"end":{}}],"line":66},"2":{"loc":{"start":{"line":75,"column":4},"end":{"line":80,"column":5}},"type":"if","locations":[{"start":{"line":75,"column":4},"end":{"line":80,"column":5}},{"start":{},"end":{}}],"line":75},"3":{"loc":{"start":{"line":129,"column":4},"end":{"line":134,"column":5}},"type":"if","locations":[{"start":{"line":129,"column":4},"end":{"line":134,"column":5}},{"start":{},"end":{}}],"line":129},"4":{"loc":{"start":{"line":175,"column":4},"end":{"line":179,"column":5}},"type":"if","locations":[{"start":{"line":175,"column":4},"end":{"line":179,"column":5}},{"start":{"line":177,"column":11},"end":{"line":179,"column":5}}],"line":175},"5":{"loc":{"start":{"line":181,"column":4},"end":{"line":187,"column":5}},"type":"if","locations":[{"start":{"line":181,"column":4},"end":{"line":187,"column":5}},{"start":{},"end":{}}],"line":181},"6":{"loc":{"start":{"line":181,"column":8},"end":{"line":181,"column":37}},"type":"binary-expr","locations":[{"start":{"line":181,"column":8},"end":{"line":181,"column":29}},{"start":{"line":181,"column":33},"end":{"line":181,"column":37}}],"line":181},"7":{"loc":{"start":{"line":182,"column":6},"end":{"line":186,"column":7}},"type":"if","locations":[{"start":{"line":182,"column":6},"end":{"line":186,"column":7}},{"start":{"line":184,"column":13},"end":{"line":186,"column":7}}],"line":182},"8":{"loc":{"start":{"line":189,"column":4},"end":{"line":195,"column":5}},"type":"if","locations":[{"start":{"line":189,"column":4},"end":{"line":195,"column":5}},{"start":{},"end":{}}],"line":189},"9":{"loc":{"start":{"line":189,"column":8},"end":{"line":189,"column":37}},"type":"binary-expr","locations":[{"start":{"line":189,"column":8},"end":{"line":189,"column":29}},{"start":{"line":189,"column":33},"end":{"line":189,"column":37}}],"line":189},"10":{"loc":{"start":{"line":190,"column":6},"end":{"line":194,"column":7}},"type":"if","locations":[{"start":{"line":190,"column":6},"end":{"line":194,"column":7}},{"start":{"line":192,"column":13},"end":{"line":194,"column":7}}],"line":190}},"s":{"0":1,"1":1,"2":1,"3":1,"4":1,"5":1,"6":1,"7":1,"8":1,"9":1,"10":1,"11":6,"12":1,"13":0,"14":1,"15":0,"16":1,"17":3,"18":3,"19":1,"20":0,"21":0,"22":1,"23":0,"24":0,"25":1,"26":1,"27":0,"28":1,"29":0,"30":1,"31":0,"32":1,"33":0,"34":1,"35":0,"36":1,"37":0,"38":1,"39":0,"40":1,"41":0,"42":1,"43":1,"44":1,"45":0,"46":0,"47":0,"48":0,"49":0,"50":1,"51":0,"52":0,"53":0,"54":0,"55":0,"56":0,"57":0,"58":0,"59":0,"60":0,"61":0,"62":0,"63":0,"64":0,"65":0,"66":0,"67":0,"68":0,"69":0,"70":0,"71":0,"72":0,"73":0,"74":0,"75":0,"76":0,"77":0,"78":0,"79":0,"80":0,"81":0,"82":0,"83":0,"84":0,"85":0,"86":0,"87":0},"f":{"0":1,"1":1,"2":6,"3":0,"4":0,"5":3,"6":0,"7":0,"8":1,"9":0,"10":0,"11":0,"12":0,"13":0,"14":0,"15":0,"16":0,"17":0,"18":0,"19":0,"20":0,"21":0,"22":0,"23":0,"24":0,"25":0},"b":{"0":[3,0],"1":[0,0],"2":[0,0],"3":[0,0],"4":[0,0],"5":[0,0],"6":[0,0],"7":[0,0],"8":[0,0],"9":[0,0],"10":[0,0]},"_coverageSchema":"1a1c01bbd47fc00a2c39e90264f33305004495a9","hash":"b49bb35b155770331ff5ee2238a03fb9959ec5af"}
,"E:\\Online Courses\\Udemy Courses\\The complete 2024 Web Development Bootcamp\\New projects\\Tetris\\functions\\generalFunctions.js": {"path":"E:\\Online Courses\\Udemy Courses\\The complete 2024 Web Development Bootcamp\\New projects\\Tetris\\functions\\generalFunctions.js","statementMap":{"0":{"start":{"line":8,"column":21},"end":{"line":8,"column":23}},"1":{"start":{"line":9,"column":2},"end":{"line":15,"column":3}},"2":{"start":{"line":9,"column":15},"end":{"line":9,"column":16}},"3":{"start":{"line":10,"column":20},"end":{"line":10,"column":22}},"4":{"start":{"line":11,"column":4},"end":{"line":13,"column":5}},"5":{"start":{"line":11,"column":17},"end":{"line":11,"column":31}},"6":{"start":{"line":12,"column":6},"end":{"line":12,"column":30}},"7":{"start":{"line":14,"column":4},"end":{"line":14,"column":29}},"8":{"start":{"line":16,"column":2},"end":{"line":16,"column":20}},"9":{"start":{"line":20,"column":21},"end":{"line":20,"column":23}},"10":{"start":{"line":22,"column":2},"end":{"line":28,"column":3}},"11":{"start":{"line":22,"column":15},"end":{"line":22,"column":32}},"12":{"start":{"line":23,"column":20},"end":{"line":23,"column":22}},"13":{"start":{"line":24,"column":4},"end":{"line":26,"column":5}},"14":{"start":{"line":24,"column":17},"end":{"line":24,"column":18}},"15":{"start":{"line":25,"column":6},"end":{"line":25,"column":30}},"16":{"start":{"line":27,"column":4},"end":{"line":27,"column":29}},"17":{"start":{"line":29,"column":2},"end":{"line":29,"column":20}},"18":{"start":{"line":34,"column":18},"end":{"line":34,"column":28}},"19":{"start":{"line":35,"column":21},"end":{"line":35,"column":33}},"20":{"start":{"line":38,"column":2},"end":{"line":45,"column":3}},"21":{"start":{"line":39,"column":4},"end":{"line":39,"column":59}},"22":{"start":{"line":40,"column":4},"end":{"line":40,"column":22}},"23":{"start":{"line":41,"column":4},"end":{"line":44,"column":6}},"24":{"start":{"line":47,"column":2},"end":{"line":47,"column":17}},"25":{"start":{"line":54,"column":20},"end":{"line":54,"column":42}},"26":{"start":{"line":55,"column":25},"end":{"line":55,"column":49}},"27":{"start":{"line":57,"column":2},"end":{"line":60,"column":3}},"28":{"start":{"line":58,"column":4},"end":{"line":58,"column":21}},"29":{"start":{"line":59,"column":4},"end":{"line":59,"column":48}},"30":{"start":{"line":61,"column":2},"end":{"line":61,"column":47}},"31":{"start":{"line":66,"column":21},"end":{"line":66,"column":22}},"32":{"start":{"line":67,"column":26},"end":{"line":67,"column":51}},"33":{"start":{"line":69,"column":2},"end":{"line":75,"column":3}},"34":{"start":{"line":73,"column":4},"end":{"line":73,"column":22}},"35":{"start":{"line":74,"column":4},"end":{"line":74,"column":50}},"36":{"start":{"line":76,"column":2},"end":{"line":76,"column":41}},"37":{"start":{"line":81,"column":20},"end":{"line":81,"column":45}},"38":{"start":{"line":84,"column":2},"end":{"line":95,"column":3}},"39":{"start":{"line":84,"column":15},"end":{"line":84,"column":26}},"40":{"start":{"line":85,"column":28},"end":{"line":85,"column":29}},"41":{"start":{"line":86,"column":4},"end":{"line":90,"column":5}},"42":{"start":{"line":86,"column":17},"end":{"line":86,"column":18}},"43":{"start":{"line":87,"column":6},"end":{"line":89,"column":7}},"44":{"start":{"line":88,"column":8},"end":{"line":88,"column":31}},"45":{"start":{"line":91,"column":4},"end":{"line":94,"column":5}},"46":{"start":{"line":92,"column":6},"end":{"line":92,"column":22}},"47":{"start":{"line":93,"column":6},"end":{"line":93,"column":12}},"48":{"start":{"line":96,"column":28},"end":{"line":98,"column":4}},"49":{"start":{"line":97,"column":4},"end":{"line":97,"column":41}},"50":{"start":{"line":100,"column":2},"end":{"line":100,"column":27}},"51":{"start":{"line":105,"column":21},"end":{"line":105,"column":22}},"52":{"start":{"line":107,"column":2},"end":{"line":118,"column":3}},"53":{"start":{"line":107,"column":15},"end":{"line":107,"column":27}},"54":{"start":{"line":108,"column":28},"end":{"line":108,"column":29}},"55":{"start":{"line":109,"column":4},"end":{"line":113,"column":5}},"56":{"start":{"line":109,"column":17},"end":{"line":109,"column":18}},"57":{"start":{"line":110,"column":6},"end":{"line":112,"column":7}},"58":{"start":{"line":111,"column":8},"end":{"line":111,"column":31}},"59":{"start":{"line":114,"column":4},"end":{"line":117,"column":5}},"60":{"start":{"line":115,"column":6},"end":{"line":115,"column":23}},"61":{"start":{"line":116,"column":6},"end":{"line":116,"column":12}},"62":{"start":{"line":119,"column":27},"end":{"line":121,"column":4}},"63":{"start":{"line":120,"column":4},"end":{"line":120,"column":35}},"64":{"start":{"line":123,"column":2},"end":{"line":123,"column":26}},"65":{"start":{"line":127,"column":2},"end":{"line":129,"column":4}},"66":{"start":{"line":136,"column":16},"end":{"line":136,"column":38}},"67":{"start":{"line":137,"column":21},"end":{"line":137,"column":41}},"68":{"start":{"line":138,"column":21},"end":{"line":138,"column":63}},"69":{"start":{"line":138,"column":49},"end":{"line":138,"column":61}},"70":{"start":{"line":141,"column":2},"end":{"line":146,"column":3}},"71":{"start":{"line":142,"column":4},"end":{"line":142,"column":17}},"72":{"start":{"line":144,"column":4},"end":{"line":144,"column":40}},"73":{"start":{"line":148,"column":31},"end":{"line":160,"column":4}},"74":{"start":{"line":149,"column":16},"end":{"line":149,"column":17}},"75":{"start":{"line":150,"column":4},"end":{"line":158,"column":5}},"76":{"start":{"line":151,"column":6},"end":{"line":157,"column":7}},"77":{"start":{"line":151,"column":19},"end":{"line":151,"column":30}},"78":{"start":{"line":152,"column":8},"end":{"line":156,"column":9}},"79":{"start":{"line":153,"column":10},"end":{"line":153,"column":21}},"80":{"start":{"line":155,"column":10},"end":{"line":155,"column":16}},"81":{"start":{"line":159,"column":4},"end":{"line":159,"column":17}},"82":{"start":{"line":163,"column":23},"end":{"line":163,"column":34}},"83":{"start":{"line":164,"column":19},"end":{"line":166,"column":4}},"84":{"start":{"line":165,"column":4},"end":{"line":165,"column":30}},"85":{"start":{"line":167,"column":2},"end":{"line":167,"column":18}},"86":{"start":{"line":179,"column":2},"end":{"line":191,"column":3}},"87":{"start":{"line":180,"column":4},"end":{"line":180,"column":42}},"88":{"start":{"line":181,"column":4},"end":{"line":181,"column":44}},"89":{"start":{"line":182,"column":4},"end":{"line":182,"column":44}},"90":{"start":{"line":183,"column":4},"end":{"line":183,"column":42}},"91":{"start":{"line":184,"column":4},"end":{"line":184,"column":45}},"92":{"start":{"line":186,"column":4},"end":{"line":186,"column":47}},"93":{"start":{"line":187,"column":4},"end":{"line":187,"column":49}},"94":{"start":{"line":188,"column":4},"end":{"line":188,"column":49}},"95":{"start":{"line":189,"column":4},"end":{"line":189,"column":47}},"96":{"start":{"line":190,"column":4},"end":{"line":190,"column":50}},"97":{"start":{"line":196,"column":24},"end":{"line":196,"column":52}},"98":{"start":{"line":197,"column":2},"end":{"line":203,"column":3}},"99":{"start":{"line":198,"column":4},"end":{"line":198,"column":71}},"100":{"start":{"line":199,"column":9},"end":{"line":203,"column":3}},"101":{"start":{"line":200,"column":4},"end":{"line":200,"column":73}},"102":{"start":{"line":201,"column":9},"end":{"line":203,"column":3}},"103":{"start":{"line":202,"column":4},"end":{"line":202,"column":74}},"104":{"start":{"line":205,"column":2},"end":{"line":215,"column":3}},"105":{"start":{"line":206,"column":4},"end":{"line":206,"column":41}},"106":{"start":{"line":207,"column":4},"end":{"line":207,"column":42}},"107":{"start":{"line":208,"column":4},"end":{"line":208,"column":50}},"108":{"start":{"line":209,"column":4},"end":{"line":209,"column":42}},"109":{"start":{"line":211,"column":4},"end":{"line":211,"column":39}},"110":{"start":{"line":212,"column":4},"end":{"line":212,"column":44}},"111":{"start":{"line":213,"column":4},"end":{"line":213,"column":53}},"112":{"start":{"line":214,"column":4},"end":{"line":214,"column":47}},"113":{"start":{"line":219,"column":2},"end":{"line":219,"column":42}},"114":{"start":{"line":227,"column":2},"end":{"line":235,"column":3}},"115":{"start":{"line":228,"column":4},"end":{"line":228,"column":52}},"116":{"start":{"line":229,"column":4},"end":{"line":229,"column":44}},"117":{"start":{"line":230,"column":4},"end":{"line":230,"column":40}},"118":{"start":{"line":232,"column":4},"end":{"line":232,"column":47}},"119":{"start":{"line":233,"column":4},"end":{"line":233,"column":49}},"120":{"start":{"line":234,"column":4},"end":{"line":234,"column":41}},"121":{"start":{"line":239,"column":2},"end":{"line":257,"column":3}},"122":{"start":{"line":240,"column":4},"end":{"line":240,"column":53}},"123":{"start":{"line":241,"column":4},"end":{"line":241,"column":45}},"124":{"start":{"line":242,"column":4},"end":{"line":242,"column":40}},"125":{"start":{"line":243,"column":4},"end":{"line":243,"column":44}},"126":{"start":{"line":244,"column":4},"end":{"line":244,"column":41}},"127":{"start":{"line":245,"column":4},"end":{"line":245,"column":37}},"128":{"start":{"line":246,"column":4},"end":{"line":246,"column":38}},"129":{"start":{"line":247,"column":4},"end":{"line":247,"column":37}},"130":{"start":{"line":249,"column":4},"end":{"line":249,"column":48}},"131":{"start":{"line":250,"column":4},"end":{"line":250,"column":50}},"132":{"start":{"line":251,"column":4},"end":{"line":251,"column":41}},"133":{"start":{"line":252,"column":4},"end":{"line":252,"column":45}},"134":{"start":{"line":253,"column":4},"end":{"line":253,"column":42}},"135":{"start":{"line":254,"column":4},"end":{"line":254,"column":38}},"136":{"start":{"line":255,"column":4},"end":{"line":255,"column":39}},"137":{"start":{"line":256,"column":4},"end":{"line":256,"column":38}},"138":{"start":{"line":262,"column":16},"end":{"line":262,"column":29}},"139":{"start":{"line":263,"column":2},"end":{"line":263,"column":25}},"140":{"start":{"line":264,"column":2},"end":{"line":264,"column":15}},"141":{"start":{"line":272,"column":2},"end":{"line":272,"column":48}},"142":{"start":{"line":272,"column":35},"end":{"line":272,"column":48}},"143":{"start":{"line":274,"column":2},"end":{"line":278,"column":3}},"144":{"start":{"line":274,"column":15},"end":{"line":274,"column":16}},"145":{"start":{"line":275,"column":4},"end":{"line":277,"column":5}},"146":{"start":{"line":276,"column":6},"end":{"line":276,"column":19}},"147":{"start":{"line":279,"column":2},"end":{"line":279,"column":14}},"148":{"start":{"line":287,"column":22},"end":{"line":287,"column":73}},"149":{"start":{"line":288,"column":2},"end":{"line":290,"column":3}},"150":{"start":{"line":289,"column":4},"end":{"line":289,"column":64}},"151":{"start":{"line":294,"column":22},"end":{"line":294,"column":73}},"152":{"start":{"line":295,"column":25},"end":{"line":300,"column":4}},"153":{"start":{"line":297,"column":4},"end":{"line":299,"column":6}},"154":{"start":{"line":301,"column":2},"end":{"line":301,"column":24}}},"fnMap":{"0":{"name":"rotateMatrixClockwise","decl":{"start":{"line":7,"column":16},"end":{"line":7,"column":37}},"loc":{"start":{"line":7,"column":43},"end":{"line":17,"column":1}},"line":7},"1":{"name":"rotateMatrixAntiClockwise","decl":{"start":{"line":19,"column":16},"end":{"line":19,"column":41}},"loc":{"start":{"line":19,"column":47},"end":{"line":30,"column":1}},"line":19},"2":{"name":"shuffleArray","decl":{"start":{"line":33,"column":16},"end":{"line":33,"column":28}},"loc":{"start":{"line":33,"column":36},"end":{"line":48,"column":1}},"line":33},"3":{"name":"trimMatrixBottom","decl":{"start":{"line":53,"column":16},"end":{"line":53,"column":32}},"loc":{"start":{"line":53,"column":46},"end":{"line":62,"column":1}},"line":53},"4":{"name":"trimMatrixTop","decl":{"start":{"line":65,"column":16},"end":{"line":65,"column":29}},"loc":{"start":{"line":65,"column":43},"end":{"line":77,"column":1}},"line":65},"5":{"name":"trimMatrixRight","decl":{"start":{"line":80,"column":16},"end":{"line":80,"column":31}},"loc":{"start":{"line":80,"column":45},"end":{"line":101,"column":1}},"line":80},"6":{"name":"(anonymous_6)","decl":{"start":{"line":96,"column":44},"end":{"line":96,"column":45}},"loc":{"start":{"line":96,"column":53},"end":{"line":98,"column":3}},"line":96},"7":{"name":"trimMatrixLeft","decl":{"start":{"line":104,"column":16},"end":{"line":104,"column":30}},"loc":{"start":{"line":104,"column":44},"end":{"line":124,"column":1}},"line":104},"8":{"name":"(anonymous_8)","decl":{"start":{"line":119,"column":43},"end":{"line":119,"column":44}},"loc":{"start":{"line":119,"column":52},"end":{"line":121,"column":3}},"line":119},"9":{"name":"trimAllMatrixSides","decl":{"start":{"line":126,"column":16},"end":{"line":126,"column":34}},"loc":{"start":{"line":126,"column":48},"end":{"line":130,"column":1}},"line":126},"10":{"name":"getDepthMap","decl":{"start":{"line":135,"column":16},"end":{"line":135,"column":27}},"loc":{"start":{"line":135,"column":41},"end":{"line":168,"column":1}},"line":135},"11":{"name":"(anonymous_11)","decl":{"start":{"line":138,"column":38},"end":{"line":138,"column":39}},"loc":{"start":{"line":138,"column":49},"end":{"line":138,"column":61}},"line":138},"12":{"name":"(anonymous_12)","decl":{"start":{"line":148,"column":48},"end":{"line":148,"column":49}},"loc":{"start":{"line":148,"column":76},"end":{"line":160,"column":3}},"line":148},"13":{"name":"(anonymous_13)","decl":{"start":{"line":164,"column":44},"end":{"line":164,"column":45}},"loc":{"start":{"line":164,"column":53},"end":{"line":166,"column":3}},"line":164},"14":{"name":"toggleCustomDisplay","decl":{"start":{"line":173,"column":16},"end":{"line":173,"column":35}},"loc":{"start":{"line":178,"column":2},"end":{"line":192,"column":1}},"line":178},"15":{"name":"toggleInvalidFeedback","decl":{"start":{"line":194,"column":16},"end":{"line":194,"column":37}},"loc":{"start":{"line":194,"column":61},"end":{"line":216,"column":1}},"line":194},"16":{"name":"checkBoardHeight","decl":{"start":{"line":218,"column":16},"end":{"line":218,"column":32}},"loc":{"start":{"line":218,"column":46},"end":{"line":220,"column":1}},"line":218},"17":{"name":"toggleMusic","decl":{"start":{"line":226,"column":16},"end":{"line":226,"column":27}},"loc":{"start":{"line":226,"column":31},"end":{"line":236,"column":1}},"line":226},"18":{"name":"toggleSounds","decl":{"start":{"line":238,"column":16},"end":{"line":238,"column":28}},"loc":{"start":{"line":238,"column":32},"end":{"line":258,"column":1}},"line":238},"19":{"name":"preLoadSoundFile","decl":{"start":{"line":260,"column":16},"end":{"line":260,"column":32}},"loc":{"start":{"line":260,"column":48},"end":{"line":265,"column":1}},"line":260},"20":{"name":"checkArraysEqual","decl":{"start":{"line":271,"column":16},"end":{"line":271,"column":32}},"loc":{"start":{"line":271,"column":45},"end":{"line":280,"column":1}},"line":271},"21":{"name":"handleLocalScoreInitialize","decl":{"start":{"line":286,"column":16},"end":{"line":286,"column":42}},"loc":{"start":{"line":286,"column":45},"end":{"line":291,"column":1}},"line":286},"22":{"name":"checkHighScore","decl":{"start":{"line":293,"column":16},"end":{"line":293,"column":30}},"loc":{"start":{"line":293,"column":50},"end":{"line":302,"column":1}},"line":293},"23":{"name":"(anonymous_23)","decl":{"start":{"line":295,"column":44},"end":{"line":295,"column":45}},"loc":{"start":{"line":295,"column":59},"end":{"line":300,"column":3}},"line":295}},"branchMap":{"0":{"loc":{"start":{"line":57,"column":9},"end":{"line":57,"column":61}},"type":"binary-expr","locations":[{"start":{"line":57,"column":9},"end":{"line":57,"column":41}},{"start":{"line":57,"column":45},"end":{"line":57,"column":61}}],"line":57},"1":{"loc":{"start":{"line":70,"column":4},"end":{"line":71,"column":37}},"type":"binary-expr","locations":[{"start":{"line":70,"column":4},"end":{"line":70,"column":37}},{"start":{"line":71,"column":4},"end":{"line":71,"column":37}}],"line":70},"2":{"loc":{"start":{"line":87,"column":6},"end":{"line":89,"column":7}},"type":"if","locations":[{"start":{"line":87,"column":6},"end":{"line":89,"column":7}},{"start":{},"end":{}}],"line":87},"3":{"loc":{"start":{"line":91,"column":4},"end":{"line":94,"column":5}},"type":"if","locations":[{"start":{"line":91,"column":4},"end":{"line":94,"column":5}},{"start":{},"end":{}}],"line":91},"4":{"loc":{"start":{"line":110,"column":6},"end":{"line":112,"column":7}},"type":"if","locations":[{"start":{"line":110,"column":6},"end":{"line":112,"column":7}},{"start":{},"end":{}}],"line":110},"5":{"loc":{"start":{"line":114,"column":4},"end":{"line":117,"column":5}},"type":"if","locations":[{"start":{"line":114,"column":4},"end":{"line":117,"column":5}},{"start":{},"end":{}}],"line":114},"6":{"loc":{"start":{"line":138,"column":49},"end":{"line":138,"column":61}},"type":"cond-expr","locations":[{"start":{"line":138,"column":56},"end":{"line":138,"column":57}},{"start":{"line":138,"column":60},"end":{"line":138,"column":61}}],"line":138},"7":{"loc":{"start":{"line":141,"column":9},"end":{"line":141,"column":48}},"type":"binary-expr","locations":[{"start":{"line":141,"column":9},"end":{"line":141,"column":32}},{"start":{"line":141,"column":36},"end":{"line":141,"column":48}}],"line":141},"8":{"loc":{"start":{"line":150,"column":4},"end":{"line":158,"column":5}},"type":"if","locations":[{"start":{"line":150,"column":4},"end":{"line":158,"column":5}},{"start":{},"end":{}}],"line":150},"9":{"loc":{"start":{"line":152,"column":8},"end":{"line":156,"column":9}},"type":"if","locations":[{"start":{"line":152,"column":8},"end":{"line":156,"column":9}},{"start":{"line":154,"column":15},"end":{"line":156,"column":9}}],"line":152},"10":{"loc":{"start":{"line":179,"column":2},"end":{"line":191,"column":3}},"type":"if","locations":[{"start":{"line":179,"column":2},"end":{"line":191,"column":3}},{"start":{"line":185,"column":9},"end":{"line":191,"column":3}}],"line":179},"11":{"loc":{"start":{"line":197,"column":2},"end":{"line":203,"column":3}},"type":"if","locations":[{"start":{"line":197,"column":2},"end":{"line":203,"column":3}},{"start":{"line":199,"column":9},"end":{"line":203,"column":3}}],"line":197},"12":{"loc":{"start":{"line":198,"column":12},"end":{"line":198,"column":70}},"type":"binary-expr","locations":[{"start":{"line":198,"column":12},"end":{"line":198,"column":27}},{"start":{"line":198,"column":31},"end":{"line":198,"column":48}},{"start":{"line":198,"column":52},"end":{"line":198,"column":70}}],"line":198},"13":{"loc":{"start":{"line":199,"column":9},"end":{"line":203,"column":3}},"type":"if","locations":[{"start":{"line":199,"column":9},"end":{"line":203,"column":3}},{"start":{"line":201,"column":9},"end":{"line":203,"column":3}}],"line":199},"14":{"loc":{"start":{"line":200,"column":12},"end":{"line":200,"column":72}},"type":"binary-expr","locations":[{"start":{"line":200,"column":12},"end":{"line":200,"column":27}},{"start":{"line":200,"column":31},"end":{"line":200,"column":49}},{"start":{"line":200,"column":53},"end":{"line":200,"column":72}}],"line":200},"15":{"loc":{"start":{"line":201,"column":9},"end":{"line":203,"column":3}},"type":"if","locations":[{"start":{"line":201,"column":9},"end":{"line":203,"column":3}},{"start":{},"end":{}}],"line":201},"16":{"loc":{"start":{"line":202,"column":12},"end":{"line":202,"column":73}},"type":"binary-expr","locations":[{"start":{"line":202,"column":12},"end":{"line":202,"column":27}},{"start":{"line":202,"column":31},"end":{"line":202,"column":49}},{"start":{"line":202,"column":53},"end":{"line":202,"column":73}}],"line":202},"17":{"loc":{"start":{"line":205,"column":2},"end":{"line":215,"column":3}},"type":"if","locations":[{"start":{"line":205,"column":2},"end":{"line":215,"column":3}},{"start":{"line":210,"column":9},"end":{"line":215,"column":3}}],"line":205},"18":{"loc":{"start":{"line":227,"column":2},"end":{"line":235,"column":3}},"type":"if","locations":[{"start":{"line":227,"column":2},"end":{"line":235,"column":3}},{"start":{"line":231,"column":9},"end":{"line":235,"column":3}}],"line":227},"19":{"loc":{"start":{"line":239,"column":2},"end":{"line":257,"column":3}},"type":"if","locations":[{"start":{"line":239,"column":2},"end":{"line":257,"column":3}},{"start":{"line":248,"column":9},"end":{"line":257,"column":3}}],"line":239},"20":{"loc":{"start":{"line":272,"column":2},"end":{"line":272,"column":48}},"type":"if","locations":[{"start":{"line":272,"column":2},"end":{"line":272,"column":48}},{"start":{},"end":{}}],"line":272},"21":{"loc":{"start":{"line":275,"column":4},"end":{"line":277,"column":5}},"type":"if","locations":[{"start":{"line":275,"column":4},"end":{"line":277,"column":5}},{"start":{},"end":{}}],"line":275},"22":{"loc":{"start":{"line":288,"column":2},"end":{"line":290,"column":3}},"type":"if","locations":[{"start":{"line":288,"column":2},"end":{"line":290,"column":3}},{"start":{},"end":{}}],"line":288},"23":{"loc":{"start":{"line":298,"column":6},"end":{"line":298,"column":78}},"type":"binary-expr","locations":[{"start":{"line":298,"column":6},"end":{"line":298,"column":27}},{"start":{"line":298,"column":31},"end":{"line":298,"column":52}},{"start":{"line":298,"column":56},"end":{"line":298,"column":78}}],"line":298}},"s":{"0":2,"1":2,"2":2,"3":3,"4":3,"5":3,"6":8,"7":3,"8":2,"9":0,"10":0,"11":0,"12":0,"13":0,"14":0,"15":0,"16":0,"17":0,"18":1,"19":1,"20":1,"21":7,"22":7,"23":7,"24":1,"25":1,"26":1,"27":1,"28":0,"29":0,"30":1,"31":1,"32":1,"33":1,"34":0,"35":0,"36":1,"37":1,"38":1,"39":1,"40":1,"41":1,"42":1,"43":2,"44":0,"45":1,"46":1,"47":1,"48":1,"49":2,"50":1,"51":1,"52":1,"53":1,"54":1,"55":1,"56":1,"57":2,"58":0,"59":1,"60":1,"61":1,"62":1,"63":2,"64":1,"65":1,"66":1,"67":1,"68":1,"69":2,"70":1,"71":0,"72":0,"73":1,"74":2,"75":2,"76":0,"77":0,"78":0,"79":0,"80":0,"81":2,"82":1,"83":1,"84":2,"85":1,"86":6,"87":4,"88":4,"89":4,"90":4,"91":4,"92":2,"93":2,"94":2,"95":2,"96":2,"97":3,"98":3,"99":3,"100":0,"101":0,"102":0,"103":0,"104":3,"105":2,"106":2,"107":2,"108":2,"109":1,"110":1,"111":1,"112":1,"113":1,"114":2,"115":1,"116":1,"117":1,"118":1,"119":1,"120":1,"121":2,"122":1,"123":1,"124":1,"125":1,"126":1,"127":1,"128":1,"129":1,"130":1,"131":1,"132":1,"133":1,"134":1,"135":1,"136":1,"137":1,"138":7,"139":7,"140":7,"141":0,"142":0,"143":0,"144":0,"145":0,"146":0,"147":0,"148":1,"149":1,"150":1,"151":1,"152":1,"153":0,"154":1},"f":{"0":2,"1":0,"2":1,"3":1,"4":1,"5":1,"6":2,"7":1,"8":2,"9":1,"10":1,"11":2,"12":2,"13":2,"14":6,"15":3,"16":1,"17":2,"18":2,"19":7,"20":0,"21":1,"22":1,"23":0},"b":{"0":[1,0],"1":[1,0],"2":[0,2],"3":[1,0],"4":[0,2],"5":[1,0],"6":[2,0],"7":[1,0],"8":[0,2],"9":[0,0],"10":[4,2],"11":[3,0],"12":[3,3,1],"13":[0,0],"14":[0,0,0],"15":[0,0],"16":[0,0,0],"17":[2,1],"18":[1,1],"19":[1,1],"20":[0,0],"21":[0,0],"22":[1,0],"23":[0,0,0]},"_coverageSchema":"1a1c01bbd47fc00a2c39e90264f33305004495a9","hash":"8faba4c70af27f2977632bccdda46eca97fce050"}
,"E:\\Online Courses\\Udemy Courses\\The complete 2024 Web Development Bootcamp\\New projects\\Tetris\\functions\\stateEnquiry.js": {"path":"E:\\Online Courses\\Udemy Courses\\The complete 2024 Web Development Bootcamp\\New projects\\Tetris\\functions\\stateEnquiry.js","statementMap":{"0":{"start":{"line":10,"column":22},"end":{"line":16,"column":4}},"1":{"start":{"line":11,"column":4},"end":{"line":15,"column":6}},"2":{"start":{"line":18,"column":2},"end":{"line":18,"column":21}},"3":{"start":{"line":22,"column":24},"end":{"line":29,"column":4}},"4":{"start":{"line":23,"column":4},"end":{"line":28,"column":6}},"5":{"start":{"line":30,"column":2},"end":{"line":32,"column":3}},"6":{"start":{"line":31,"column":4},"end":{"line":31,"column":16}},"7":{"start":{"line":33,"column":2},"end":{"line":33,"column":15}},"8":{"start":{"line":37,"column":29},"end":{"line":37,"column":31}},"9":{"start":{"line":40,"column":2},"end":{"line":48,"column":5}},"10":{"start":{"line":41,"column":4},"end":{"line":47,"column":5}},"11":{"start":{"line":46,"column":6},"end":{"line":46,"column":37}},"12":{"start":{"line":50,"column":20},"end":{"line":52,"column":3}},"13":{"start":{"line":54,"column":19},"end":{"line":76,"column":4}},"14":{"start":{"line":56,"column":25},"end":{"line":56,"column":66}},"15":{"start":{"line":57,"column":23},"end":{"line":57,"column":47}},"16":{"start":{"line":58,"column":23},"end":{"line":65,"column":6}},"17":{"start":{"line":59,"column":6},"end":{"line":64,"column":8}},"18":{"start":{"line":66,"column":4},"end":{"line":73,"column":5}},"19":{"start":{"line":67,"column":26},"end":{"line":69,"column":8}},"20":{"start":{"line":68,"column":8},"end":{"line":68,"column":75}},"21":{"start":{"line":70,"column":6},"end":{"line":70,"column":49}},"22":{"start":{"line":72,"column":6},"end":{"line":72,"column":42}},"23":{"start":{"line":75,"column":4},"end":{"line":75,"column":40}},"24":{"start":{"line":77,"column":2},"end":{"line":77,"column":31}},"25":{"start":{"line":81,"column":24},"end":{"line":81,"column":26}},"26":{"start":{"line":82,"column":23},"end":{"line":82,"column":75}},"27":{"start":{"line":83,"column":2},"end":{"line":86,"column":5}},"28":{"start":{"line":85,"column":4},"end":{"line":85,"column":78}},"29":{"start":{"line":87,"column":2},"end":{"line":87,"column":23}},"30":{"start":{"line":92,"column":24},"end":{"line":92,"column":51}},"31":{"start":{"line":94,"column":22},"end":{"line":94,"column":24}},"32":{"start":{"line":96,"column":2},"end":{"line":103,"column":5}},"33":{"start":{"line":97,"column":21},"end":{"line":99,"column":6}},"34":{"start":{"line":98,"column":6},"end":{"line":98,"column":37}},"35":{"start":{"line":100,"column":4},"end":{"line":102,"column":5}},"36":{"start":{"line":101,"column":6},"end":{"line":101,"column":40}},"37":{"start":{"line":105,"column":2},"end":{"line":105,"column":21}},"38":{"start":{"line":109,"column":21},"end":{"line":109,"column":42}},"39":{"start":{"line":110,"column":19},"end":{"line":110,"column":51}},"40":{"start":{"line":111,"column":23},"end":{"line":111,"column":44}},"41":{"start":{"line":112,"column":24},"end":{"line":112,"column":26}},"42":{"start":{"line":116,"column":32},"end":{"line":121,"column":4}},"43":{"start":{"line":117,"column":4},"end":{"line":120,"column":6}},"44":{"start":{"line":123,"column":2},"end":{"line":143,"column":3}},"45":{"start":{"line":124,"column":4},"end":{"line":126,"column":5}},"46":{"start":{"line":124,"column":17},"end":{"line":124,"column":18}},"47":{"start":{"line":125,"column":6},"end":{"line":125,"column":28}},"48":{"start":{"line":128,"column":4},"end":{"line":142,"column":5}},"49":{"start":{"line":128,"column":17},"end":{"line":128,"column":18}},"50":{"start":{"line":129,"column":28},"end":{"line":138,"column":8}},"51":{"start":{"line":130,"column":27},"end":{"line":133,"column":9}},"52":{"start":{"line":134,"column":8},"end":{"line":136,"column":9}},"53":{"start":{"line":135,"column":10},"end":{"line":135,"column":22}},"54":{"start":{"line":137,"column":8},"end":{"line":137,"column":21}},"55":{"start":{"line":139,"column":6},"end":{"line":141,"column":7}},"56":{"start":{"line":140,"column":8},"end":{"line":140,"column":30}},"57":{"start":{"line":144,"column":2},"end":{"line":144,"column":23}}},"fnMap":{"0":{"name":"checkBricksInColForDepth","decl":{"start":{"line":9,"column":16},"end":{"line":9,"column":40}},"loc":{"start":{"line":9,"column":55},"end":{"line":19,"column":1}},"line":9},"1":{"name":"(anonymous_1)","decl":{"start":{"line":10,"column":47},"end":{"line":10,"column":48}},"loc":{"start":{"line":10,"column":57},"end":{"line":16,"column":3}},"line":10},"2":{"name":"checkFloor","decl":{"start":{"line":21,"column":16},"end":{"line":21,"column":26}},"loc":{"start":{"line":21,"column":29},"end":{"line":34,"column":1}},"line":21},"3":{"name":"(anonymous_3)","decl":{"start":{"line":22,"column":57},"end":{"line":22,"column":58}},"loc":{"start":{"line":22,"column":67},"end":{"line":29,"column":3}},"line":22},"4":{"name":"findFloor","decl":{"start":{"line":36,"column":16},"end":{"line":36,"column":25}},"loc":{"start":{"line":36,"column":28},"end":{"line":78,"column":1}},"line":36},"5":{"name":"(anonymous_5)","decl":{"start":{"line":40,"column":36},"end":{"line":40,"column":37}},"loc":{"start":{"line":40,"column":47},"end":{"line":48,"column":3}},"line":40},"6":{"name":"(anonymous_6)","decl":{"start":{"line":54,"column":42},"end":{"line":54,"column":43}},"loc":{"start":{"line":54,"column":57},"end":{"line":76,"column":3}},"line":54},"7":{"name":"(anonymous_7)","decl":{"start":{"line":58,"column":48},"end":{"line":58,"column":49}},"loc":{"start":{"line":58,"column":58},"end":{"line":65,"column":5}},"line":58},"8":{"name":"(anonymous_8)","decl":{"start":{"line":67,"column":41},"end":{"line":67,"column":42}},"loc":{"start":{"line":67,"column":57},"end":{"line":69,"column":7}},"line":67},"9":{"name":"getRowsOfBricked","decl":{"start":{"line":80,"column":16},"end":{"line":80,"column":32}},"loc":{"start":{"line":80,"column":35},"end":{"line":88,"column":1}},"line":80},"10":{"name":"(anonymous_10)","decl":{"start":{"line":83,"column":23},"end":{"line":83,"column":24}},"loc":{"start":{"line":83,"column":33},"end":{"line":86,"column":3}},"line":83},"11":{"name":"getFullRowsArray","decl":{"start":{"line":90,"column":16},"end":{"line":90,"column":32}},"loc":{"start":{"line":90,"column":48},"end":{"line":106,"column":1}},"line":90},"12":{"name":"(anonymous_12)","decl":{"start":{"line":96,"column":24},"end":{"line":96,"column":25}},"loc":{"start":{"line":96,"column":45},"end":{"line":103,"column":3}},"line":96},"13":{"name":"(anonymous_13)","decl":{"start":{"line":97,"column":42},"end":{"line":97,"column":43}},"loc":{"start":{"line":97,"column":51},"end":{"line":99,"column":5}},"line":97},"14":{"name":"getAvailableColumns","decl":{"start":{"line":108,"column":16},"end":{"line":108,"column":35}},"loc":{"start":{"line":108,"column":49},"end":{"line":145,"column":1}},"line":108},"15":{"name":"(anonymous_15)","decl":{"start":{"line":116,"column":57},"end":{"line":116,"column":58}},"loc":{"start":{"line":116,"column":67},"end":{"line":121,"column":3}},"line":116},"16":{"name":"(anonymous_16)","decl":{"start":{"line":129,"column":41},"end":{"line":129,"column":42}},"loc":{"start":{"line":129,"column":75},"end":{"line":138,"column":7}},"line":129}},"branchMap":{"0":{"loc":{"start":{"line":12,"column":6},"end":{"line":14,"column":57}},"type":"binary-expr","locations":[{"start":{"line":12,"column":6},"end":{"line":12,"column":55}},{"start":{"line":13,"column":6},"end":{"line":13,"column":45}},{"start":{"line":14,"column":6},"end":{"line":14,"column":57}}],"line":12},"1":{"loc":{"start":{"line":24,"column":6},"end":{"line":27,"column":7}},"type":"binary-expr","locations":[{"start":{"line":24,"column":6},"end":{"line":24,"column":52}},{"start":{"line":25,"column":6},"end":{"line":27,"column":7}}],"line":24},"2":{"loc":{"start":{"line":30,"column":2},"end":{"line":32,"column":3}},"type":"if","locations":[{"start":{"line":30,"column":2},"end":{"line":32,"column":3}},{"start":{},"end":{}}],"line":30},"3":{"loc":{"start":{"line":41,"column":4},"end":{"line":47,"column":5}},"type":"if","locations":[{"start":{"line":41,"column":4},"end":{"line":47,"column":5}},{"start":{},"end":{}}],"line":41},"4":{"loc":{"start":{"line":60,"column":8},"end":{"line":63,"column":47}},"type":"binary-expr","locations":[{"start":{"line":60,"column":8},"end":{"line":61,"column":39}},{"start":{"line":62,"column":8},"end":{"line":62,"column":41}},{"start":{"line":63,"column":8},"end":{"line":63,"column":47}}],"line":60},"5":{"loc":{"start":{"line":66,"column":4},"end":{"line":73,"column":5}},"type":"if","locations":[{"start":{"line":66,"column":4},"end":{"line":73,"column":5}},{"start":{"line":71,"column":11},"end":{"line":73,"column":5}}],"line":66},"6":{"loc":{"start":{"line":100,"column":4},"end":{"line":102,"column":5}},"type":"if","locations":[{"start":{"line":100,"column":4},"end":{"line":102,"column":5}},{"start":{},"end":{}}],"line":100},"7":{"loc":{"start":{"line":118,"column":6},"end":{"line":119,"column":45}},"type":"binary-expr","locations":[{"start":{"line":118,"column":6},"end":{"line":118,"column":62}},{"start":{"line":119,"column":6},"end":{"line":119,"column":45}}],"line":118},"8":{"loc":{"start":{"line":123,"column":2},"end":{"line":143,"column":3}},"type":"if","locations":[{"start":{"line":123,"column":2},"end":{"line":143,"column":3}},{"start":{"line":127,"column":9},"end":{"line":143,"column":3}}],"line":123},"9":{"loc":{"start":{"line":134,"column":8},"end":{"line":136,"column":9}},"type":"if","locations":[{"start":{"line":134,"column":8},"end":{"line":136,"column":9}},{"start":{},"end":{}}],"line":134},"10":{"loc":{"start":{"line":139,"column":6},"end":{"line":141,"column":7}},"type":"if","locations":[{"start":{"line":139,"column":6},"end":{"line":141,"column":7}},{"start":{},"end":{}}],"line":139}},"s":{"0":0,"1":0,"2":0,"3":1,"4":4,"5":1,"6":0,"7":1,"8":3,"9":3,"10":12,"11":6,"12":3,"13":3,"14":6,"15":6,"16":6,"17":1200,"18":6,"19":0,"20":0,"21":0,"22":6,"23":6,"24":3,"25":0,"26":0,"27":0,"28":0,"29":0,"30":0,"31":0,"32":0,"33":0,"34":0,"35":0,"36":0,"37":0,"38":1,"39":1,"40":1,"41":1,"42":1,"43":200,"44":1,"45":1,"46":1,"47":9,"48":0,"49":0,"50":0,"51":0,"52":0,"53":0,"54":0,"55":0,"56":0,"57":1},"f":{"0":0,"1":0,"2":1,"3":4,"4":3,"5":12,"6":6,"7":1200,"8":0,"9":0,"10":0,"11":0,"12":0,"13":0,"14":1,"15":200,"16":0},"b":{"0":[0,0,0],"1":[4,4],"2":[0,1],"3":[6,6],"4":[1200,120,106],"5":[0,6],"6":[0,0],"7":[200,20],"8":[1,0],"9":[0,0],"10":[0,0]},"_coverageSchema":"1a1c01bbd47fc00a2c39e90264f33305004495a9","hash":"ab0a8727e1d799a556c95a06c2d98bdcaf8be28d"}
,"E:\\Online Courses\\Udemy Courses\\The complete 2024 Web Development Bootcamp\\New projects\\Tetris\\functions\\stateChangeFunctions\\addBrickFunctions.js": {"path":"E:\\Online Courses\\Udemy Courses\\The complete 2024 Web Development Bootcamp\\New projects\\Tetris\\functions\\stateChangeFunctions\\addBrickFunctions.js","statementMap":{"0":{"start":{"line":11,"column":2},"end":{"line":11,"column":60}},"1":{"start":{"line":15,"column":2},"end":{"line":15,"column":59}},"2":{"start":{"line":19,"column":2},"end":{"line":19,"column":62}},"3":{"start":{"line":23,"column":2},"end":{"line":28,"column":3}},"4":{"start":{"line":23,"column":15},"end":{"line":23,"column":16}},"5":{"start":{"line":24,"column":27},"end":{"line":24,"column":56}},"6":{"start":{"line":25,"column":4},"end":{"line":25,"column":45}},"7":{"start":{"line":26,"column":4},"end":{"line":26,"column":26}},"8":{"start":{"line":27,"column":4},"end":{"line":27,"column":59}},"9":{"start":{"line":30,"column":20},"end":{"line":30,"column":60}},"10":{"start":{"line":32,"column":4},"end":{"line":32,"column":78}},"11":{"start":{"line":33,"column":19},"end":{"line":33,"column":50}},"12":{"start":{"line":34,"column":2},"end":{"line":57,"column":6}},"13":{"start":{"line":59,"column":2},"end":{"line":59,"column":38}},"14":{"start":{"line":61,"column":2},"end":{"line":61,"column":71}},"15":{"start":{"line":66,"column":2},"end":{"line":66,"column":46}},"16":{"start":{"line":68,"column":4},"end":{"line":70,"column":42}},"17":{"start":{"line":71,"column":27},"end":{"line":71,"column":61}},"18":{"start":{"line":72,"column":20},"end":{"line":72,"column":51}},"19":{"start":{"line":74,"column":29},"end":{"line":74,"column":56}},"20":{"start":{"line":77,"column":2},"end":{"line":109,"column":3}},"21":{"start":{"line":78,"column":4},"end":{"line":90,"column":5}},"22":{"start":{"line":78,"column":17},"end":{"line":78,"column":18}},"23":{"start":{"line":79,"column":29},"end":{"line":79,"column":58}},"24":{"start":{"line":80,"column":6},"end":{"line":88,"column":7}},"25":{"start":{"line":81,"column":8},"end":{"line":85,"column":9}},"26":{"start":{"line":82,"column":10},"end":{"line":82,"column":52}},"27":{"start":{"line":84,"column":10},"end":{"line":84,"column":60}},"28":{"start":{"line":87,"column":8},"end":{"line":87,"column":58}},"29":{"start":{"line":89,"column":6},"end":{"line":89,"column":63}},"30":{"start":{"line":92,"column":23},"end":{"line":92,"column":24}},"31":{"start":{"line":93,"column":4},"end":{"line":108,"column":5}},"32":{"start":{"line":93,"column":17},"end":{"line":93,"column":18}},"33":{"start":{"line":94,"column":29},"end":{"line":94,"column":58}},"34":{"start":{"line":97,"column":6},"end":{"line":106,"column":7}},"35":{"start":{"line":98,"column":8},"end":{"line":102,"column":9}},"36":{"start":{"line":99,"column":10},"end":{"line":99,"column":52}},"37":{"start":{"line":101,"column":10},"end":{"line":101,"column":60}},"38":{"start":{"line":103,"column":8},"end":{"line":103,"column":26}},"39":{"start":{"line":105,"column":8},"end":{"line":105,"column":58}},"40":{"start":{"line":107,"column":6},"end":{"line":107,"column":63}},"41":{"start":{"line":111,"column":19},"end":{"line":111,"column":50}},"42":{"start":{"line":112,"column":2},"end":{"line":136,"column":6}},"43":{"start":{"line":137,"column":2},"end":{"line":137,"column":38}},"44":{"start":{"line":149,"column":2},"end":{"line":149,"column":23}},"45":{"start":{"line":151,"column":24},"end":{"line":151,"column":55}},"46":{"start":{"line":155,"column":24},"end":{"line":155,"column":58}},"47":{"start":{"line":157,"column":2},"end":{"line":168,"column":3}},"48":{"start":{"line":158,"column":4},"end":{"line":159,"column":70}},"49":{"start":{"line":160,"column":4},"end":{"line":160,"column":58}},"50":{"start":{"line":161,"column":4},"end":{"line":161,"column":29}},"51":{"start":{"line":162,"column":4},"end":{"line":162,"column":57}},"52":{"start":{"line":163,"column":4},"end":{"line":163,"column":58}},"53":{"start":{"line":165,"column":4},"end":{"line":165,"column":47}},"54":{"start":{"line":167,"column":4},"end":{"line":167,"column":29}},"55":{"start":{"line":172,"column":2},"end":{"line":201,"column":3}},"56":{"start":{"line":174,"column":6},"end":{"line":174,"column":59}},"57":{"start":{"line":175,"column":6},"end":{"line":175,"column":12}},"58":{"start":{"line":178,"column":6},"end":{"line":178,"column":59}},"59":{"start":{"line":179,"column":6},"end":{"line":179,"column":12}},"60":{"start":{"line":182,"column":6},"end":{"line":182,"column":59}},"61":{"start":{"line":183,"column":6},"end":{"line":183,"column":12}},"62":{"start":{"line":186,"column":6},"end":{"line":186,"column":59}},"63":{"start":{"line":187,"column":6},"end":{"line":187,"column":12}},"64":{"start":{"line":190,"column":6},"end":{"line":190,"column":59}},"65":{"start":{"line":191,"column":6},"end":{"line":191,"column":12}},"66":{"start":{"line":194,"column":6},"end":{"line":194,"column":59}},"67":{"start":{"line":195,"column":6},"end":{"line":195,"column":12}},"68":{"start":{"line":198,"column":6},"end":{"line":198,"column":59}},"69":{"start":{"line":199,"column":6},"end":{"line":199,"column":12}},"70":{"start":{"line":213,"column":2},"end":{"line":242,"column":3}},"71":{"start":{"line":215,"column":6},"end":{"line":215,"column":49}},"72":{"start":{"line":216,"column":6},"end":{"line":216,"column":12}},"73":{"start":{"line":219,"column":6},"end":{"line":219,"column":49}},"74":{"start":{"line":220,"column":6},"end":{"line":220,"column":12}},"75":{"start":{"line":223,"column":6},"end":{"line":223,"column":49}},"76":{"start":{"line":224,"column":6},"end":{"line":224,"column":12}},"77":{"start":{"line":227,"column":6},"end":{"line":227,"column":49}},"78":{"start":{"line":228,"column":6},"end":{"line":228,"column":12}},"79":{"start":{"line":231,"column":6},"end":{"line":231,"column":49}},"80":{"start":{"line":232,"column":6},"end":{"line":232,"column":12}},"81":{"start":{"line":235,"column":6},"end":{"line":235,"column":49}},"82":{"start":{"line":236,"column":6},"end":{"line":236,"column":12}},"83":{"start":{"line":239,"column":6},"end":{"line":239,"column":49}},"84":{"start":{"line":240,"column":6},"end":{"line":240,"column":12}},"85":{"start":{"line":244,"column":2},"end":{"line":273,"column":3}},"86":{"start":{"line":246,"column":6},"end":{"line":246,"column":29}},"87":{"start":{"line":247,"column":6},"end":{"line":247,"column":12}},"88":{"start":{"line":250,"column":6},"end":{"line":250,"column":29}},"89":{"start":{"line":251,"column":6},"end":{"line":251,"column":12}},"90":{"start":{"line":254,"column":6},"end":{"line":254,"column":29}},"91":{"start":{"line":255,"column":6},"end":{"line":255,"column":12}},"92":{"start":{"line":258,"column":6},"end":{"line":258,"column":29}},"93":{"start":{"line":259,"column":6},"end":{"line":259,"column":12}},"94":{"start":{"line":262,"column":6},"end":{"line":262,"column":29}},"95":{"start":{"line":263,"column":6},"end":{"line":263,"column":12}},"96":{"start":{"line":266,"column":6},"end":{"line":266,"column":29}},"97":{"start":{"line":267,"column":6},"end":{"line":267,"column":12}},"98":{"start":{"line":270,"column":6},"end":{"line":270,"column":29}},"99":{"start":{"line":271,"column":6},"end":{"line":271,"column":12}},"100":{"start":{"line":274,"column":2},"end":{"line":278,"column":3}},"101":{"start":{"line":275,"column":4},"end":{"line":275,"column":55}},"102":{"start":{"line":276,"column":9},"end":{"line":278,"column":3}},"103":{"start":{"line":277,"column":4},"end":{"line":277,"column":55}},"104":{"start":{"line":282,"column":18},"end":{"line":282,"column":38}},"105":{"start":{"line":283,"column":2},"end":{"line":283,"column":52}},"106":{"start":{"line":290,"column":2},"end":{"line":311,"column":3}},"107":{"start":{"line":291,"column":4},"end":{"line":291,"column":29}},"108":{"start":{"line":292,"column":4},"end":{"line":292,"column":41}},"109":{"start":{"line":293,"column":4},"end":{"line":299,"column":5}},"110":{"start":{"line":294,"column":6},"end":{"line":294,"column":36}},"111":{"start":{"line":295,"column":6},"end":{"line":295,"column":46}},"112":{"start":{"line":297,"column":6},"end":{"line":297,"column":32}},"113":{"start":{"line":298,"column":6},"end":{"line":298,"column":42}},"114":{"start":{"line":300,"column":4},"end":{"line":300,"column":46}},"115":{"start":{"line":301,"column":4},"end":{"line":301,"column":38}},"116":{"start":{"line":303,"column":4},"end":{"line":310,"column":7}},"117":{"start":{"line":304,"column":6},"end":{"line":308,"column":7}},"118":{"start":{"line":305,"column":8},"end":{"line":305,"column":50}},"119":{"start":{"line":307,"column":8},"end":{"line":307,"column":20}},"120":{"start":{"line":309,"column":6},"end":{"line":309,"column":19}}},"fnMap":{"0":{"name":"addFloatingBricks","decl":{"start":{"line":10,"column":16},"end":{"line":10,"column":33}},"loc":{"start":{"line":10,"column":43},"end":{"line":12,"column":1}},"line":10},"1":{"name":"addFlooredBricks","decl":{"start":{"line":14,"column":16},"end":{"line":14,"column":32}},"loc":{"start":{"line":14,"column":42},"end":{"line":16,"column":1}},"line":14},"2":{"name":"addFloorGuideBricks","decl":{"start":{"line":18,"column":16},"end":{"line":18,"column":35}},"loc":{"start":{"line":18,"column":45},"end":{"line":20,"column":1}},"line":18},"3":{"name":"generateGridCells","decl":{"start":{"line":22,"column":16},"end":{"line":22,"column":33}},"loc":{"start":{"line":22,"column":36},"end":{"line":62,"column":1}},"line":22},"4":{"name":"updateNextPieceIndicator","decl":{"start":{"line":64,"column":16},"end":{"line":64,"column":40}},"loc":{"start":{"line":64,"column":43},"end":{"line":138,"column":1}},"line":64},"5":{"name":"generateTetrisPieceFunction","decl":{"start":{"line":140,"column":16},"end":{"line":140,"column":43}},"loc":{"start":{"line":148,"column":2},"end":{"line":169,"column":1}},"line":148},"6":{"name":"nextMatrixSet","decl":{"start":{"line":171,"column":16},"end":{"line":171,"column":29}},"loc":{"start":{"line":171,"column":45},"end":{"line":202,"column":1}},"line":171},"7":{"name":"particularPieceGenerateFunction","decl":{"start":{"line":205,"column":16},"end":{"line":205,"column":47}},"loc":{"start":{"line":209,"column":2},"end":{"line":279,"column":1}},"line":209},"8":{"name":"fillSevenBag","decl":{"start":{"line":281,"column":16},"end":{"line":281,"column":28}},"loc":{"start":{"line":281,"column":31},"end":{"line":284,"column":1}},"line":281},"9":{"name":"generateUnblockedPieceFunction","decl":{"start":{"line":286,"column":22},"end":{"line":286,"column":52}},"loc":{"start":{"line":289,"column":2},"end":{"line":312,"column":1}},"line":289},"10":{"name":"(anonymous_10)","decl":{"start":{"line":303,"column":25},"end":{"line":303,"column":26}},"loc":{"start":{"line":303,"column":36},"end":{"line":310,"column":5}},"line":303}},"branchMap":{"0":{"loc":{"start":{"line":68,"column":4},"end":{"line":70,"column":42}},"type":"cond-expr","locations":[{"start":{"line":69,"column":8},"end":{"line":69,"column":39}},{"start":{"line":70,"column":8},"end":{"line":70,"column":42}}],"line":68},"1":{"loc":{"start":{"line":77,"column":2},"end":{"line":109,"column":3}},"type":"if","locations":[{"start":{"line":77,"column":2},"end":{"line":109,"column":3}},{"start":{"line":91,"column":9},"end":{"line":109,"column":3}}],"line":77},"2":{"loc":{"start":{"line":80,"column":6},"end":{"line":88,"column":7}},"type":"if","locations":[{"start":{"line":80,"column":6},"end":{"line":88,"column":7}},{"start":{"line":86,"column":13},"end":{"line":88,"column":7}}],"line":80},"3":{"loc":{"start":{"line":81,"column":8},"end":{"line":85,"column":9}},"type":"if","locations":[{"start":{"line":81,"column":8},"end":{"line":85,"column":9}},{"start":{"line":83,"column":15},"end":{"line":85,"column":9}}],"line":81},"4":{"loc":{"start":{"line":97,"column":6},"end":{"line":106,"column":7}},"type":"if","locations":[{"start":{"line":97,"column":6},"end":{"line":106,"column":7}},{"start":{"line":104,"column":13},"end":{"line":106,"column":7}}],"line":97},"5":{"loc":{"start":{"line":98,"column":8},"end":{"line":102,"column":9}},"type":"if","locations":[{"start":{"line":98,"column":8},"end":{"line":102,"column":9}},{"start":{"line":100,"column":15},"end":{"line":102,"column":9}}],"line":98},"6":{"loc":{"start":{"line":157,"column":2},"end":{"line":168,"column":3}},"type":"if","locations":[{"start":{"line":157,"column":2},"end":{"line":168,"column":3}},{"start":{"line":164,"column":9},"end":{"line":168,"column":3}}],"line":157},"7":{"loc":{"start":{"line":172,"column":2},"end":{"line":201,"column":3}},"type":"switch","locations":[{"start":{"line":173,"column":4},"end":{"line":175,"column":12}},{"start":{"line":177,"column":4},"end":{"line":179,"column":12}},{"start":{"line":181,"column":4},"end":{"line":183,"column":12}},{"start":{"line":185,"column":4},"end":{"line":187,"column":12}},{"start":{"line":189,"column":4},"end":{"line":191,"column":12}},{"start":{"line":193,"column":4},"end":{"line":195,"column":12}},{"start":{"line":197,"column":4},"end":{"line":199,"column":12}},{"start":{"line":200,"column":4},"end":{"line":200,"column":12}}],"line":172},"8":{"loc":{"start":{"line":213,"column":2},"end":{"line":242,"column":3}},"type":"switch","locations":[{"start":{"line":214,"column":4},"end":{"line":216,"column":12}},{"start":{"line":218,"column":4},"end":{"line":220,"column":12}},{"start":{"line":222,"column":4},"end":{"line":224,"column":12}},{"start":{"line":226,"column":4},"end":{"line":228,"column":12}},{"start":{"line":230,"column":4},"end":{"line":232,"column":12}},{"start":{"line":234,"column":4},"end":{"line":236,"column":12}},{"start":{"line":238,"column":4},"end":{"line":240,"column":12}},{"start":{"line":241,"column":4},"end":{"line":241,"column":12}}],"line":213},"9":{"loc":{"start":{"line":244,"column":2},"end":{"line":273,"column":3}},"type":"switch","locations":[{"start":{"line":245,"column":4},"end":{"line":247,"column":12}},{"start":{"line":249,"column":4},"end":{"line":251,"column":12}},{"start":{"line":253,"column":4},"end":{"line":255,"column":12}},{"start":{"line":257,"column":4},"end":{"line":259,"column":12}},{"start":{"line":261,"column":4},"end":{"line":263,"column":12}},{"start":{"line":265,"column":4},"end":{"line":267,"column":12}},{"start":{"line":269,"column":4},"end":{"line":271,"column":12}},{"start":{"line":272,"column":4},"end":{"line":272,"column":12}}],"line":244},"10":{"loc":{"start":{"line":274,"column":2},"end":{"line":278,"column":3}},"type":"if","locations":[{"start":{"line":274,"column":2},"end":{"line":278,"column":3}},{"start":{"line":276,"column":9},"end":{"line":278,"column":3}}],"line":274},"11":{"loc":{"start":{"line":276,"column":9},"end":{"line":278,"column":3}},"type":"if","locations":[{"start":{"line":276,"column":9},"end":{"line":278,"column":3}},{"start":{},"end":{}}],"line":276},"12":{"loc":{"start":{"line":290,"column":2},"end":{"line":311,"column":3}},"type":"if","locations":[{"start":{"line":290,"column":2},"end":{"line":311,"column":3}},{"start":{"line":302,"column":9},"end":{"line":311,"column":3}}],"line":290},"13":{"loc":{"start":{"line":293,"column":4},"end":{"line":299,"column":5}},"type":"if","locations":[{"start":{"line":293,"column":4},"end":{"line":299,"column":5}},{"start":{"line":296,"column":11},"end":{"line":299,"column":5}}],"line":293},"14":{"loc":{"start":{"line":304,"column":6},"end":{"line":308,"column":7}},"type":"if","locations":[{"start":{"line":304,"column":6},"end":{"line":308,"column":7}},{"start":{},"end":{}}],"line":304}},"s":{"0":8,"1":0,"2":8,"3":1,"4":1,"5":200,"6":200,"7":200,"8":200,"9":1,"10":1,"11":1,"12":1,"13":1,"14":1,"15":1,"16":1,"17":1,"18":1,"19":1,"20":1,"21":1,"22":1,"23":9,"24":9,"25":6,"26":4,"27":2,"28":3,"29":9,"30":0,"31":0,"32":0,"33":0,"34":0,"35":0,"36":0,"37":0,"38":0,"39":0,"40":0,"41":1,"42":1,"43":1,"44":1,"45":1,"46":1,"47":1,"48":1,"49":1,"50":1,"51":1,"52":1,"53":0,"54":0,"55":1,"56":0,"57":0,"58":0,"59":0,"60":0,"61":0,"62":0,"63":0,"64":0,"65":0,"66":0,"67":0,"68":1,"69":1,"70":1,"71":1,"72":1,"73":0,"74":0,"75":0,"76":0,"77":0,"78":0,"79":0,"80":0,"81":0,"82":0,"83":0,"84":0,"85":1,"86":0,"87":0,"88":0,"89":0,"90":0,"91":0,"92":0,"93":0,"94":0,"95":0,"96":0,"97":0,"98":0,"99":0,"100":1,"101":1,"102":0,"103":0,"104":1,"105":1,"106":0,"107":0,"108":0,"109":0,"110":0,"111":0,"112":0,"113":0,"114":0,"115":0,"116":0,"117":0,"118":0,"119":0,"120":0},"f":{"0":8,"1":0,"2":8,"3":1,"4":1,"5":1,"6":1,"7":1,"8":1,"9":0,"10":0},"b":{"0":[0,1],"1":[1,0],"2":[6,3],"3":[4,2],"4":[0,0],"5":[0,0],"6":[1,0],"7":[0,0,0,0,0,0,1,0],"8":[1,0,0,0,0,0,0,0],"9":[0,0,0,0,0,0,0,1],"10":[1,0],"11":[0,0],"12":[0,0],"13":[0,0],"14":[0,0]},"_coverageSchema":"1a1c01bbd47fc00a2c39e90264f33305004495a9","hash":"f9a915fe4a32adb09e301f11d7132e29049e30c5"}
,"E:\\Online Courses\\Udemy Courses\\The complete 2024 Web Development Bootcamp\\New projects\\Tetris\\functions\\stateChangeFunctions\\clearBrickFunctions.js": {"path":"E:\\Online Courses\\Udemy Courses\\The complete 2024 Web Development Bootcamp\\New projects\\Tetris\\functions\\stateChangeFunctions\\clearBrickFunctions.js","statementMap":{"0":{"start":{"line":9,"column":2},"end":{"line":9,"column":38}},"1":{"start":{"line":10,"column":2},"end":{"line":10,"column":29}},"2":{"start":{"line":11,"column":2},"end":{"line":53,"column":5}},"3":{"start":{"line":12,"column":24},"end":{"line":12,"column":65}},"4":{"start":{"line":13,"column":25},"end":{"line":13,"column":62}},"5":{"start":{"line":15,"column":4},"end":{"line":17,"column":5}},"6":{"start":{"line":15,"column":17},"end":{"line":15,"column":28}},"7":{"start":{"line":16,"column":6},"end":{"line":16,"column":60}},"8":{"start":{"line":18,"column":4},"end":{"line":18,"column":24}},"9":{"start":{"line":19,"column":4},"end":{"line":19,"column":51}},"10":{"start":{"line":20,"column":4},"end":{"line":51,"column":5}},"11":{"start":{"line":21,"column":6},"end":{"line":21,"column":42}},"12":{"start":{"line":23,"column":25},"end":{"line":23,"column":64}},"13":{"start":{"line":24,"column":30},"end":{"line":24,"column":52}},"14":{"start":{"line":25,"column":33},"end":{"line":29,"column":7}},"15":{"start":{"line":31,"column":6},"end":{"line":49,"column":7}},"16":{"start":{"line":34,"column":35},"end":{"line":39,"column":10}},"17":{"start":{"line":35,"column":10},"end":{"line":38,"column":12}},"18":{"start":{"line":40,"column":8},"end":{"line":40,"column":68}},"19":{"start":{"line":43,"column":8},"end":{"line":48,"column":11}},"20":{"start":{"line":50,"column":6},"end":{"line":50,"column":79}},"21":{"start":{"line":52,"column":4},"end":{"line":52,"column":59}},"22":{"start":{"line":57,"column":25},"end":{"line":57,"column":30}},"23":{"start":{"line":58,"column":2},"end":{"line":64,"column":5}},"24":{"start":{"line":59,"column":4},"end":{"line":63,"column":5}},"25":{"start":{"line":60,"column":6},"end":{"line":60,"column":65}},"26":{"start":{"line":62,"column":6},"end":{"line":62,"column":30}},"27":{"start":{"line":65,"column":2},"end":{"line":69,"column":3}},"28":{"start":{"line":66,"column":4},"end":{"line":68,"column":7}},"29":{"start":{"line":67,"column":6},"end":{"line":67,"column":45}},"30":{"start":{"line":73,"column":2},"end":{"line":73,"column":66}},"31":{"start":{"line":77,"column":2},"end":{"line":77,"column":67}},"32":{"start":{"line":81,"column":2},"end":{"line":102,"column":3}},"33":{"start":{"line":83,"column":4},"end":{"line":85,"column":7}},"34":{"start":{"line":84,"column":6},"end":{"line":84,"column":19}},"35":{"start":{"line":86,"column":25},"end":{"line":86,"column":77}},"36":{"start":{"line":87,"column":28},"end":{"line":87,"column":30}},"37":{"start":{"line":88,"column":4},"end":{"line":98,"column":7}},"38":{"start":{"line":89,"column":24},"end":{"line":89,"column":45}},"39":{"start":{"line":90,"column":22},"end":{"line":90,"column":63}},"40":{"start":{"line":92,"column":22},"end":{"line":92,"column":79}},"41":{"start":{"line":92,"column":54},"end":{"line":92,"column":71}},"42":{"start":{"line":93,"column":6},"end":{"line":97,"column":7}},"43":{"start":{"line":94,"column":8},"end":{"line":94,"column":46}},"44":{"start":{"line":95,"column":25},"end":{"line":95,"column":64}},"45":{"start":{"line":96,"column":8},"end":{"line":96,"column":39}},"46":{"start":{"line":99,"column":4},"end":{"line":101,"column":7}},"47":{"start":{"line":100,"column":6},"end":{"line":100,"column":61}}},"fnMap":{"0":{"name":"clearFullRows","decl":{"start":{"line":8,"column":16},"end":{"line":8,"column":29}},"loc":{"start":{"line":8,"column":43},"end":{"line":54,"column":1}},"line":8},"1":{"name":"(anonymous_1)","decl":{"start":{"line":11,"column":22},"end":{"line":11,"column":23}},"loc":{"start":{"line":11,"column":35},"end":{"line":53,"column":3}},"line":11},"2":{"name":"(anonymous_2)","decl":{"start":{"line":34,"column":61},"end":{"line":34,"column":62}},"loc":{"start":{"line":34,"column":75},"end":{"line":39,"column":9}},"line":34},"3":{"name":"handleClassClearing","decl":{"start":{"line":56,"column":9},"end":{"line":56,"column":28}},"loc":{"start":{"line":56,"column":58},"end":{"line":70,"column":1}},"line":56},"4":{"name":"(anonymous_4)","decl":{"start":{"line":58,"column":21},"end":{"line":58,"column":22}},"loc":{"start":{"line":58,"column":32},"end":{"line":64,"column":3}},"line":58},"5":{"name":"(anonymous_5)","decl":{"start":{"line":66,"column":30},"end":{"line":66,"column":31}},"loc":{"start":{"line":66,"column":40},"end":{"line":68,"column":5}},"line":66},"6":{"name":"clearFloatingBricks","decl":{"start":{"line":72,"column":16},"end":{"line":72,"column":35}},"loc":{"start":{"line":72,"column":38},"end":{"line":74,"column":1}},"line":72},"7":{"name":"clearFloorGuideBricks","decl":{"start":{"line":76,"column":16},"end":{"line":76,"column":37}},"loc":{"start":{"line":76,"column":40},"end":{"line":78,"column":1}},"line":76},"8":{"name":"shiftBricks","decl":{"start":{"line":80,"column":16},"end":{"line":80,"column":27}},"loc":{"start":{"line":80,"column":41},"end":{"line":103,"column":1}},"line":80},"9":{"name":"(anonymous_9)","decl":{"start":{"line":83,"column":21},"end":{"line":83,"column":22}},"loc":{"start":{"line":83,"column":31},"end":{"line":85,"column":5}},"line":83},"10":{"name":"(anonymous_10)","decl":{"start":{"line":88,"column":25},"end":{"line":88,"column":26}},"loc":{"start":{"line":88,"column":35},"end":{"line":98,"column":5}},"line":88},"11":{"name":"(anonymous_11)","decl":{"start":{"line":92,"column":41},"end":{"line":92,"column":42}},"loc":{"start":{"line":92,"column":54},"end":{"line":92,"column":71}},"line":92},"12":{"name":"(anonymous_12)","decl":{"start":{"line":99,"column":28},"end":{"line":99,"column":29}},"loc":{"start":{"line":99,"column":39},"end":{"line":101,"column":5}},"line":99}},"branchMap":{"0":{"loc":{"start":{"line":20,"column":4},"end":{"line":51,"column":5}},"type":"if","locations":[{"start":{"line":20,"column":4},"end":{"line":51,"column":5}},{"start":{},"end":{}}],"line":20},"1":{"loc":{"start":{"line":31,"column":6},"end":{"line":49,"column":7}},"type":"if","locations":[{"start":{"line":31,"column":6},"end":{"line":49,"column":7}},{"start":{"line":41,"column":13},"end":{"line":49,"column":7}}],"line":31},"2":{"loc":{"start":{"line":36,"column":12},"end":{"line":37,"column":69}},"type":"binary-expr","locations":[{"start":{"line":36,"column":12},"end":{"line":36,"column":35}},{"start":{"line":37,"column":12},"end":{"line":37,"column":69}}],"line":36},"3":{"loc":{"start":{"line":59,"column":4},"end":{"line":63,"column":5}},"type":"if","locations":[{"start":{"line":59,"column":4},"end":{"line":63,"column":5}},{"start":{"line":61,"column":11},"end":{"line":63,"column":5}}],"line":59},"4":{"loc":{"start":{"line":65,"column":2},"end":{"line":69,"column":3}},"type":"if","locations":[{"start":{"line":65,"column":2},"end":{"line":69,"column":3}},{"start":{},"end":{}}],"line":65},"5":{"loc":{"start":{"line":81,"column":2},"end":{"line":102,"column":3}},"type":"if","locations":[{"start":{"line":81,"column":2},"end":{"line":102,"column":3}},{"start":{},"end":{}}],"line":81},"6":{"loc":{"start":{"line":93,"column":6},"end":{"line":97,"column":7}},"type":"if","locations":[{"start":{"line":93,"column":6},"end":{"line":97,"column":7}},{"start":{},"end":{}}],"line":93}},"s":{"0":0,"1":0,"2":0,"3":0,"4":0,"5":0,"6":0,"7":0,"8":0,"9":0,"10":0,"11":0,"12":0,"13":0,"14":0,"15":0,"16":0,"17":0,"18":0,"19":0,"20":0,"21":0,"22":6,"23":6,"24":8,"25":8,"26":0,"27":6,"28":0,"29":0,"30":3,"31":3,"32":0,"33":0,"34":0,"35":0,"36":0,"37":0,"38":0,"39":0,"40":0,"41":0,"42":0,"43":0,"44":0,"45":0,"46":0,"47":0},"f":{"0":0,"1":0,"2":0,"3":6,"4":8,"5":0,"6":3,"7":3,"8":0,"9":0,"10":0,"11":0,"12":0},"b":{"0":[0,0],"1":[0,0],"2":[0,0],"3":[8,0],"4":[0,6],"5":[0,0],"6":[0,0]},"_coverageSchema":"1a1c01bbd47fc00a2c39e90264f33305004495a9","hash":"3b65162eed38824d98033e4cf76d24f929bdaa51"}
,"E:\\Online Courses\\Udemy Courses\\The complete 2024 Web Development Bootcamp\\New projects\\Tetris\\functions\\stateChangeFunctions\\generalGameFunctions.js": {"path":"E:\\Online Courses\\Udemy Courses\\The complete 2024 Web Development Bootcamp\\New projects\\Tetris\\functions\\stateChangeFunctions\\generalGameFunctions.js","statementMap":{"0":{"start":{"line":21,"column":2},"end":{"line":21,"column":32}},"1":{"start":{"line":25,"column":2},"end":{"line":28,"column":4}},"2":{"start":{"line":32,"column":2},"end":{"line":32,"column":50}},"3":{"start":{"line":36,"column":2},"end":{"line":36,"column":56}},"4":{"start":{"line":40,"column":2},"end":{"line":40,"column":67}},"5":{"start":{"line":44,"column":2},"end":{"line":44,"column":64}},"6":{"start":{"line":48,"column":2},"end":{"line":51,"column":4}},"7":{"start":{"line":55,"column":2},"end":{"line":64,"column":4}},"8":{"start":{"line":68,"column":2},"end":{"line":72,"column":4}},"9":{"start":{"line":76,"column":2},"end":{"line":79,"column":4}},"10":{"start":{"line":83,"column":2},"end":{"line":83,"column":63}},"11":{"start":{"line":87,"column":2},"end":{"line":90,"column":4}},"12":{"start":{"line":94,"column":2},"end":{"line":100,"column":4}},"13":{"start":{"line":104,"column":2},"end":{"line":110,"column":4}},"14":{"start":{"line":114,"column":2},"end":{"line":120,"column":4}},"15":{"start":{"line":122,"column":2},"end":{"line":122,"column":24}},"16":{"start":{"line":126,"column":2},"end":{"line":136,"column":4}},"17":{"start":{"line":140,"column":2},"end":{"line":140,"column":47}},"18":{"start":{"line":144,"column":2},"end":{"line":144,"column":51}},"19":{"start":{"line":148,"column":2},"end":{"line":155,"column":4}},"20":{"start":{"line":159,"column":2},"end":{"line":159,"column":73}},"21":{"start":{"line":163,"column":2},"end":{"line":163,"column":73}},"22":{"start":{"line":167,"column":2},"end":{"line":173,"column":4}},"23":{"start":{"line":177,"column":2},"end":{"line":183,"column":4}},"24":{"start":{"line":187,"column":2},"end":{"line":195,"column":4}},"25":{"start":{"line":199,"column":2},"end":{"line":199,"column":23}},"26":{"start":{"line":200,"column":2},"end":{"line":200,"column":22}},"27":{"start":{"line":201,"column":2},"end":{"line":201,"column":20}},"28":{"start":{"line":202,"column":2},"end":{"line":202,"column":39}},"29":{"start":{"line":206,"column":2},"end":{"line":215,"column":4}}},"fnMap":{"0":{"name":"pauseGame","decl":{"start":{"line":20,"column":16},"end":{"line":20,"column":25}},"loc":{"start":{"line":20,"column":28},"end":{"line":22,"column":1}},"line":20},"1":{"name":"resetCurrentArrays","decl":{"start":{"line":24,"column":16},"end":{"line":24,"column":34}},"loc":{"start":{"line":24,"column":37},"end":{"line":29,"column":1}},"line":24},"2":{"name":"handleEndGame","decl":{"start":{"line":31,"column":9},"end":{"line":31,"column":22}},"loc":{"start":{"line":31,"column":39},"end":{"line":33,"column":1}},"line":31},"3":{"name":"buttonClickValidation","decl":{"start":{"line":35,"column":16},"end":{"line":35,"column":37}},"loc":{"start":{"line":35,"column":52},"end":{"line":37,"column":1}},"line":35},"4":{"name":"updateCurrentUserArray","decl":{"start":{"line":39,"column":16},"end":{"line":39,"column":38}},"loc":{"start":{"line":39,"column":41},"end":{"line":41,"column":1}},"line":39},"5":{"name":"setBoardDimensions","decl":{"start":{"line":43,"column":9},"end":{"line":43,"column":27}},"loc":{"start":{"line":43,"column":53},"end":{"line":45,"column":1}},"line":43},"6":{"name":"selectNextPiece","decl":{"start":{"line":47,"column":16},"end":{"line":47,"column":31}},"loc":{"start":{"line":47,"column":34},"end":{"line":52,"column":1}},"line":47},"7":{"name":"generateTetrisPiece","decl":{"start":{"line":54,"column":9},"end":{"line":54,"column":28}},"loc":{"start":{"line":54,"column":57},"end":{"line":65,"column":1}},"line":54},"8":{"name":"generateParticularPiece","decl":{"start":{"line":67,"column":9},"end":{"line":67,"column":32}},"loc":{"start":{"line":67,"column":61},"end":{"line":73,"column":1}},"line":67},"9":{"name":"generateFirstPiece","decl":{"start":{"line":75,"column":16},"end":{"line":75,"column":34}},"loc":{"start":{"line":75,"column":37},"end":{"line":80,"column":1}},"line":75},"10":{"name":"generateNextPiece","decl":{"start":{"line":82,"column":16},"end":{"line":82,"column":33}},"loc":{"start":{"line":82,"column":36},"end":{"line":84,"column":1}},"line":82},"11":{"name":"generateUnblockedPiece","decl":{"start":{"line":86,"column":22},"end":{"line":86,"column":44}},"loc":{"start":{"line":86,"column":47},"end":{"line":91,"column":1}},"line":86},"12":{"name":"movePieceRight","decl":{"start":{"line":93,"column":16},"end":{"line":93,"column":30}},"loc":{"start":{"line":93,"column":33},"end":{"line":101,"column":1}},"line":93},"13":{"name":"movePieceLeft","decl":{"start":{"line":103,"column":16},"end":{"line":103,"column":29}},"loc":{"start":{"line":103,"column":32},"end":{"line":111,"column":1}},"line":103},"14":{"name":"instaDrop","decl":{"start":{"line":113,"column":16},"end":{"line":113,"column":25}},"loc":{"start":{"line":113,"column":28},"end":{"line":123,"column":1}},"line":113},"15":{"name":"movePieceDown","decl":{"start":{"line":125,"column":16},"end":{"line":125,"column":29}},"loc":{"start":{"line":125,"column":32},"end":{"line":137,"column":1}},"line":125},"16":{"name":"unPauseGame","decl":{"start":{"line":139,"column":16},"end":{"line":139,"column":27}},"loc":{"start":{"line":139,"column":30},"end":{"line":141,"column":1}},"line":139},"17":{"name":"handleGameUnPause","decl":{"start":{"line":143,"column":16},"end":{"line":143,"column":33}},"loc":{"start":{"line":143,"column":36},"end":{"line":145,"column":1}},"line":143},"18":{"name":"startGame","decl":{"start":{"line":147,"column":16},"end":{"line":147,"column":25}},"loc":{"start":{"line":147,"column":28},"end":{"line":156,"column":1}},"line":147},"19":{"name":"handleUsersettings","decl":{"start":{"line":158,"column":16},"end":{"line":158,"column":34}},"loc":{"start":{"line":158,"column":38},"end":{"line":160,"column":1}},"line":158},"20":{"name":"handleSett
[...]
,"6":{"name":"(anonymous_6)","decl":{"start":{"line":55,"column":59},"end":{"line":55,"column":60}},"loc":{"start":{"line":55,"column":70},"end":{"line":57,"column":3}},"line":55},"7":{"name":"updateCurrentUserArrayFunction","decl":{"start":{"line":60,"column":16},"end":{"line":60,"column":46}},"loc":{"start":{"line":60,"column":58},"end":{"line":78,"column":1}},"line":60},"8":{"name":"(anonymous_8)","decl":{"start":{"line":64,"column":48},"end":{"line":64,"column":49}},"loc":{"start":{"line":64,"column":65},"end":{"line":76,"column":3}},"line":64},"9":{"name":"(anonymous_9)","decl":{"start":{"line":66,"column":16},"end":{"line":66,"column":17}},"loc":{"start":{"line":66,"column":36},"end":{"line":75,"column":5}},"line":66},"10":{"name":"setBoardDimensionsFunction","decl":{"start":{"line":80,"column":16},"end":{"line":80,"column":42}},"loc":{"start":{"line":80,"column":68},"end":{"line":95,"column":1}},"line":80},"11":{"name":"selectNextPieceFunction","decl":{"start":{"line":97,"column":16},"end":{"line":97,"column":39}},"loc":{"start":{"line":97,"column":69},"end":{"line":106,"column":1}},"line":97},"12":{"name":"generateFirstPieceFunction","decl":{"start":{"line":108,"column":16},"end":{"line":108,"column":42}},"loc":{"start":{"line":111,"column":2},"end":{"line":121,"column":1}},"line":111},"13":{"name":"unPauseGameFunction","decl":{"start":{"line":123,"column":16},"end":{"line":123,"column":35}},"loc":{"start":{"line":123,"column":51},"end":{"line":133,"column":1}},"line":123},"14":{"name":"handleGameUnPauseFunction","decl":{"start":{"line":135,"column":16},"end":{"line":135,"column":41}},"loc":{"start":{"line":135,"column":55},"end":{"line":143,"column":1}},"line":135},"15":{"name":"startGameFunction","decl":{"start":{"line":145,"column":16},"end":{"line":145,"column":33}},"loc":{"start":{"line":152,"column":2},"end":{"line":178,"column":1}},"line":152},"16":{"name":"handleUsersettingsFunction","decl":{"start":{"line":187,"column":16},"end":{"line":187,"column":42}},"loc":{"start":{"line":187,"column":77},"end":{"line":294,"column":1}},"line":187},"17":{"name":"handleSettingsConfirmFunction","decl":{"start":{"line":296,"column":16},"end":{"line":296,"column":45}},"loc":{"start":{"line":296,"column":77},"end":{"line":302,"column":1}},"line":296},"18":{"name":"brickHitBottomLogicFunction","decl":{"start":{"line":304,"column":22},"end":{"line":304,"column":49}},"loc":{"start":{"line":313,"column":2},"end":{"line":346,"column":1}},"line":313},"19":{"name":"(anonymous_19)","decl":{"start":{"line":335,"column":17},"end":{"line":335,"column":18}},"loc":{"start":{"line":335,"column":23},"end":{"line":341,"column":7}},"line":335},"20":{"name":"handleKeyPressFunction","decl":{"start":{"line":348,"column":16},"end":{"line":348,"column":38}},"loc":{"start":{"line":356,"column":2},"end":{"line":387,"column":1}},"line":356}},"branchMap":{"0":{"loc":{"start":{"line":9,"column":2},"end":{"line":13,"column":3}},"type":"if","locations":[{"start":{"line":9,"column":2},"end":{"line":13,"column":3}},{"start":{},"end":{}}],"line":9},"1":{"loc":{"start":{"line":9,"column":6},"end":{"line":9,"column":44}},"type":"binary-expr","locations":[{"start":{"line":9,"column":6},"end":{"line":9,"column":22}},{"start":{"line":9,"column":26},"end":{"line":9,"column":44}}],"line":9},"2":{"loc":{"start":{"line":31,"column":2},"end":{"line":36,"column":3}},"type":"if","locations":[{"start":{"line":31,"column":2},"end":{"line":36,"column":3}},{"start":{"line":34,"column":9},"end":{"line":36,"column":3}}],"line":31},"3":{"loc":{"start":{"line":41,"column":2},"end":{"line":43,"column":3}},"type":"if","locations":[{"start":{"line":41,"column":2},"end":{"line":43,"column":3}},{"start":{},"end":{}}],"line":41},"4":{"loc":{"start":{"line":41,"column":6},"end":{"line":41,"column":44}},"type":"binary-expr","locations":[{"start":{"line":41,"column":6},"end":{"line":41,"column":24}},{"start":{"line":41,"column":28},"end":{"line":41,"column":44}}],"line":41},"5":{"loc":{"start":{"line":68,"column":6},"end":{"line":74,"column":7}},"type":"if","locations":[{"start":{"line":68,"column":6},"end":{"line":74,"column":7}},{"start":{},"end":{}}],"line":68},"6":{"loc":{"start":{"line":88,"column":2},"end":{"line":93,"column":3}},"type":"if","locations":[{"start":{"line":88,"column":2},"end":{"line":93,"column":3}},{"start":{"line":91,"column":9},"end":{"line":93,"column":3}}],"line":88},"7":{"loc":{"start":{"line":98,"column":2},"end":{"line":100,"column":3}},"type":"if","locations":[{"start":{"line":98,"column":2},"end":{"line":100,"column":3}},{"start":{},"end":{}}],"line":98},"8":{"loc":{"start":{"line":113,"column":2},"end":{"line":115,"column":3}},"type":"if","locations":[{"start":{"line":113,"column":2},"end":{"line":115,"column":3}},{"start":{},"end":{}}],"line":113},"9":{"loc":{"start":{"line":124,"column":2},"end":{"line":132,"column":3}},"type":"if","locations":[{"start":{"line":124,"column":2},"end":{"line":132,"column":3}},{"start":{},"end":{}}],"line":124},"10":{"loc":{"start":{"line":124,"column":6},"end":{"line":124,"column":43}},"type":"binary-expr","locations":[{"start":{"line":124,"column":6},"end":{"line":124,"column":24}},{"start":{"line":124,"column":28},"end":{"line":124,"column":43}}],"line":124},"11":{"loc":{"start":{"line":126,"column":4},"end":{"line":131,"column":5}},"type":"if","locations":[{"start":{"line":126,"column":4},"end":{"line":131,"column":5}},{"start":{},"end":{}}],"line":126},"12":{"loc":{"start":{"line":136,"column":2},"end":{"line":142,"column":3}},"type":"if","locations":[{"start":{"line":136,"column":2},"end":{"line":142,"column":3}},{"start":{},"end":{}}],"line":136},"13":{"loc":{"start":{"line":137,"column":4},"end":{"line":138,"column":67}},"type":"binary-expr","locations":[{"start":{"line":137,"column":4},"end":{"line":137,"column":22}},{"start":{"line":138,"column":4},"end":{"line":138,"column":67}}],"line":137},"14":{"loc":{"start":{"line":174,"column":2},"end":{"line":176,"column":3}},"type":"if","locations":[{"start":{"line":174,"column":2},"end":{"line":176,"column":3}},{"start":{},"end":{}}],"line":174},"15":{"loc":{"start":{"line":199,"column":2},"end":{"line":220,"column":3}},"type":"if","locations":[{"start":{"line":199,"column":2},"end":{"line":220,"column":3}},{"start":{"line":218,"column":9},"end":{"line":220,"column":3}}],"line":199},"16":{"loc":{"start":{"line":201,"column":4},"end":{"line":217,"column":5}},"type":"if","locations":[{"start":{"line":201,"column":4},"end":{"line":217,"column":5}},{"start":{"line":211,"column":11},"end":{"line":217,"column":5}}],"line":201},"17":{"loc":{"start":{"line":202,"column":6},"end":{"line":204,"column":25}},"type":"binary-expr","locations":[{"start":{"line":202,"column":6},"end":{"line":202,"column":35}},{"start":{"line":203,"column":6},"end":{"line":203,"column":24}},{"start":{"line":204,"column":6},"end":{"line":204,"column":25}}],"line":202},"18":{"loc":{"start":{"line":222,"column":2},"end":{"line":243,"column":3}},"type":"if","locations":[{"start":{"line":222,"column":2},"end":{"line":243,"column":3}},{"start":{"line":241,"column":9},"end":{"line":243,"column":3}}],"line":222},"19":{"loc":{"start":{"line":224,"column":4},"end":{"line":240,"column":5}},"type":"if","locations":[{"start":{"line":224,"column":4},"end":{"line":240,"column":5}},{"start":{"line":234,"column":11},"end":{"line":240,"column":5}}],"line":224},"20":{"loc":{"start":{"line":225,"column":6},"end":{"line":227,"column":26}},"type":"binary-expr","locations":[{"start":{"line":225,"column":6},"end":{"line":225,"column":35}},{"start":{"line":226,"column":6},"end":{"line":226,"column":25}},{"start":{"line":227,"column":6},"end":{"line":227,"column":26}}],"line":225},"21":{"loc":{"start":{"line":245,"column":2},"end":{"line":265,"column":3}},"type":"if","locations":[{"start":{"line":245,"column":2},"end":{"line":265,"column":3}},{"start":{"line":263,"column":9},"end":{"line":265,"column":3}}],"line":245},"22":{"loc":{"start":{"line":247,"column":4},"end":{"line":262,"column":5}},"type":"if","locations":[{"start":{"line":247,"column":4},"end":{"line":262,"column":5}},{"start":{"line":256,"column":11},"end":{"line":262,"column":5}}],"line":247},"23":{"loc":{"start":{"line":248,"column":6},"end":{"line":250,"column":29}},"type":"binary-expr","locations":[{"start":{"line":248,"column":6},"end":{"line":248,"column":36}},{"start":{"line":249,"column":6},"end":{"line":249,"column":27}},{"start":{"line":250,"column":6},"end":{"line":250,"column":29}}],"line":248},"24":{"loc":{"start":{"line":267,"column":2},"end":{"line":271,"column":3}},"type":"if","locations":[{"start":{"line":267,"column":2},"end":{"line":271,"column":3}},{"start":{"line":269,"column":9},"end":{"line":271,"column":3}}],"line":267},"25":{"loc":{"start":{"line":273,"column":2},"end":{"line":275,"column":3}},"type":"if","locations":[{"start":{"line":273,"column":2},"end":{"line":275,"column":3}},{"start":{},"end":{}}],"line":273},"26":{"loc":{"start":{"line":286,"column":2},"end":{"line":293,"column":3}},"type":"if","locations":[{"start":{"line":286,"column":2},"end":{"line":293,"column":3}},{"start":{"line":289,"column":9},"end":{"line":293,"column":3}}],"line":286},"27":{"loc":{"start":{"line":297,"column":2},"end":{"line":301,"column":3}},"type":"if","locations":[{"start":{"line":297,"column":2},"end":{"line":301,"column":3}},{"start":{},"end":{}}],"line":297},"28":{"loc":{"start":{"line":317,"column":2},"end":{"line":329,"column":3}},"type":"if","locations":[{"start":{"line":317,"column":2},"end":{"line":329,"column":3}},{"start":{},"end":{}}],"line":317},"29":{"loc":{"start":{"line":322,"column":4},"end":{"line":328,"column":5}},"type":"if","locations":[{"start":{"line":322,"column":4},"end":{"line":328,"column":5}},{"start":{"line":325,"column":11},"end":{"line":328,"column":5}}],"line":322},"30":{"loc":{"start":{"line":331,"column":2},"end":{"line":345,"column":3}},"type":"if","locations":[{"start":{"line":331,"column":2},"end":{"line":345,"column":3}},{"start":{},"end":{}}],"line":331},"31":{"loc":{"start":{"line":333,"column":4},"end":{"line":344,"column":5}},"type":"if","locations":[{"start":{"line":333,"column":4},"end":{"line":344,"column":5}},{"start":{"line":342,"column":11},"end":{"line":344,"column":5}}],"line":333},"32":{"loc":{"start":{"line":357,"column":2},"end":{"line":386,"column":3}},"type":"if","locations":[{"start":{"line":357,"column":2},"end":{"line":386,"column":3}},{"start":{},"end":{}}],"line":357},"33":{"loc":{"start":{"line":357,"column":6},"end":{"line":357,"column":44}},"type":"binary-expr","locations":[{"start":{"line":357,"column":6},"end":{"line":357,"column":24}},{"start":{"line":357,"column":28},"end":{"line":357,"column":44}}],"line":357},"34":{"loc":{"start":{"line":358,"column":4},"end":{"line":358,"column":45}},"type":"if","locations":[{"start":{"line":358,"column":4},"end":{"line":358,"column":45}},{"start":{},"end":{}}],"line":358},"35":{"loc":{"start":{"line":361,"column":4},"end":{"line":363,"column":5}},"type":"if","locations":[{"start":{"line":361,"column":4},"end":{"line":363,"column":5}},{"start":{},"end":{}}],"line":361},"36":{"loc":{"start":{"line":365,"column":4},"end":{"line":367,"column":5}},"type":"if","locations":[{"start":{"line":365,"column":4},"end":{"line":367,"column":5}},{"start":{},"end":{}}],"line":365},"37":{"loc":{"start":{"line":369,"column":4},"end":{"line":371,"column":5}},"type":"if","locations":[{"start":{"line":369,"column":4},"end":{"line":371,"column":5}},{"start":{},"end":{}}],"line":369},"38":{"loc":{"start":{"line":373,"column":4},"end":{"line":376,"column":5}},"type":"if","locations":[{"start":{"line":373,"column":4},"end":{"line":376,"column":5}},{"start":{},"end":{}}],"line":373},"39":{"loc":{"start":{"line":374,"column":6},"end":{"line":375,"column":34}},"type":"if","locations":[{"start":{"line":374,"column":6},"end":{"line":375,"column":34}},{"start":{"line":375,"column":11},"end":{"line":375,"column":34}}],"line":374},"40":{"loc":{"start":{"line":378,"column":4},"end":{"line":381,"column":5}},"type":"if","locations":[{"start":{"line":378,"column":4},"end":{"line":381,"column":5}},{"start":{},"end":{}}],"line":378},"41":{"loc":{"start":{"line":379,"column":6},"end":{"line":380,"column":34}},"type":"if","locations":[{"start":{"line":379,"column":6},"end":{"line":380,"column":34}},{"start":{"line":380,"column":11},"end":{"line":380,"column":34}}],"line":379},"42":{"loc":{"start":{"line":383,"column":4},"end":{"line":385,"column":5}},"type":"if","locations":[{"start":{"line":383,"column":4},"end":{"line":385,"column":5}},{"start":{},"end":{}}],"line":383}},"s":{"0":0,"1":0,"2":0,"3":0,"4":2,"5":2,"6":2,"7":2,"8":2,"9":2,"10":0,"11":0,"12":0,"13":0,"14":0,"15":0,"16":0,"17":0,"18":0,"19":3,"20":3,"21":3,"22":3,"23":3,"24":12,"25":3,"26":3,"27":6,"28":12,"29":12,"30":3,"31":1,"32":1,"33":1,"34":1,"35":1,"36":1,"37":1,"38":0,"39":0,"40":1,"41":1,"42":1,"43":0,"44":1,"45":1,"46":1,"47":1,"48":1,"49":1,"50":1,"51":1,"52":1,"53":1,"54":0,"55":0,"56":0,"57":0,"58":0,"59":0,"60":0,"61":1,"62":1,"63":1,"64":1,"65":1,"66":1,"67":1,"68":1,"69":1,"70":1,"71":1,"72":1,"73":1,"74":1,"75":1,"76":1,"77":1,"78":1,"79":1,"80":0,"81":1,"82":2,"83":2,"84":2,"85":2,"86":2,"87":2,"88":1,"89":1,"90":1,"91":1,"92":1,"93":1,"94":0,"95":0,"96":0,"97":0,"98":1,"99":2,"100":0,"101":0,"102":0,"103":0,"104":0,"105":0,"106":0,"107":0,"108":0,"109":0,"110":2,"111":2,"112":0,"113":0,"114":0,"115":0,"116":0,"117":0,"118":0,"119":0,"120":0,"121":0,"122":2,"123":2,"124":2,"125":0,"126":2,"127":1,"128":1,"129":1,"130":1,"131":1,"132":1,"133":1,"134":0,"135":0,"136":1,"137":1,"138":1,"139":0,"140":0,"141":0,"142":0,"143":0,"144":0,"145":0,"146":0,"147":0,"148":0,"149":0,"150":0,"151":0,"152":0,"153":0,"154":0,"155":0,"156":0,"157":0,"158":0,"159":0,"160":0,"161":0,"162":0,"163":0,"164":0,"165":0,"166":0,"167":0,"168":0,"169":0,"170":0,"171":0,"172":0,"173":0,"174":0,"175":0,"176":0,"177":0,"178":0,"179":0,"180":0,"181":0,"182":0,"183":0},"f":{"0":0,"1":2,"2":0,"3":0,"4":0,"5":3,"6":12,"7":3,"8":6,"9":12,"10":1,"11":1,"12":1,"13":0,"14":0,"15":1,"16":2,"17":0,"18":0,"19":0,"20":0},"b":{"0":[0,0],"1":[0,0],"2":[0,0],"3":[0,0],"4":[0,0],"5":[12,0],"6":[0,1],"7":[0,1],"8":[1,0],"9":[0,0],"10":[0,0],"11":[0,0],"12":[0,0],"13":[0,0],"14":[0,1],"15":[1,1],"16":[1,0],"17":[1,1,0],"18":[0,2],"19":[0,0],"20":[0,0,0],"21":[0,2],"22":[0,0],"23":[0,0,0],"24":[2,0],"25":[1,1],"26":[0,1],"27":[0,0],"28":[0,0],"29":[0,0],"30":[0,0],"31":[0,0],"32":[0,0],"33":[0,0],"34":[0,0],"35":[0,0],"36":[0,0],"37":[0,0],"38":[0,0],"39":[0,0],"40":[0,0],"41":[0,0],"42":[0,0]},"_coverageSchema":"1a1c01bbd47fc00a2c39e90264f33305004495a9","hash":"8d1a108566cbeb87a48975bb7479ef486e694505"}
,"E:\\Online Courses\\Udemy Courses\\The complete 2024 Web Development Bootcamp\\New projects\\Tetris\\globalVariables\\docElems.js": {"path":"E:\\Online Courses\\Udemy Courses\\The complete 2024 Web Development Bootcamp\\New projects\\Tetris\\globalVariables\\docElems.js","statementMap":{"0":{"start":{"line":4,"column":33},"end":{"line":4,"column":77}},"1":{"start":{"line":5,"column":27},"end":{"line":5,"column":65}},"2":{"start":{"line":6,"column":29},"end":{"line":6,"column":69}},"3":{"start":{"line":7,"column":26},"end":{"line":7,"column":63}},"4":{"start":{"line":8,"column":30},"end":{"line":8,"column":71}},"5":{"start":{"line":9,"column":38},"end":{"line":11,"column":1}},"6":{"start":{"line":12,"column":27},"end":{"line":12,"column":65}},"7":{"start":{"line":13,"column":34},"end":{"line":13,"column":79}},"8":{"start":{"line":14,"column":28},"end":{"line":14,"column":67}},"9":{"start":{"line":15,"column":28},"end":{"line":15,"column":67}},"10":{"start":{"line":16,"column":28},"end":{"line":16,"column":67}},"11":{"start":{"line":17,"column":29},"end":{"line":17,"column":69}},"12":{"start":{"line":18,"column":29},"end":{"line":18,"column":69}},"13":{"start":{"line":19,"column":27},"end":{"line":19,"column":65}},"14":{"start":{"line":20,"column":27},"end":{"line":20,"column":65}},"15":{"start":{"line":21,"column":28},"end":{"line":21,"column":67}},"16":{"start":{"line":22,"column":30},"end":{"line":22,"column":71}},"17":{"start":{"line":23,"column":29},"end":{"line":23,"column":69}},"18":{"start":{"line":24,"column":29},"end":{"line":24,"column":69}},"19":{"start":{"line":25,"column":30},"end":{"line":25,"column":71}},"20":{"start":{"line":26,"column":34},"end":{"line":26,"column":79}},"21":{"start":{"line":27,"column":34},"end":{"line":27,"column":79}},"22":{"start":{"line":28,"column":35},"end":{"line":30,"column":1}},"23":{"start":{"line":31,"column":20},"end":{"line":31,"column":51}},"24":{"start":{"line":32,"column":30},"end":{"line":32,"column":68}},"25":{"start":{"line":33,"column":33},"end":{"line":33,"column":74}},"26":{"start":{"line":34,"column":39},"end":{"line":36,"column":1}},"27":{"start":{"line":37,"column":42},"end":{"line":39,"column":1}},"28":{"start":{"line":40,"column":40},"end":{"line":42,"column":1}},"29":{"start":{"line":43,"column":40},"end":{"line":45,"column":1}},"30":{"start":{"line":46,"column":42},"end":{"line":48,"column":1}},"31":{"start":{"line":49,"column":34},"end":{"line":49,"column":79}},"32":{"start":{"line":50,"column":35},"end":{"line":52,"column":1}},"33":{"start":{"line":53,"column":35},"end":{"line":55,"column":1}},"34":{"start":{"line":56,"column":31},"end":{"line":56,"column":73}},"35":{"start":{"line":57,"column":31},"end":{"line":57,"column":73}},"36":{"start":{"line":58,"column":29},"end":{"line":58,"column":62}},"37":{"start":{"line":59,"column":33},"end":{"line":59,"column":70}},"38":{"start":{"line":60,"column":30},"end":{"line":60,"column":63}},"39":{"start":{"line":61,"column":29},"end":{"line":61,"column":67}},"40":{"start":{"line":62,"column":26},"end":{"line":62,"column":61}},"41":{"start":{"line":63,"column":27},"end":{"line":63,"column":63}},"42":{"start":{"line":64,"column":26},"end":{"line":64,"column":61}},"43":{"start":{"line":66,"column":0},"end":{"line":66,"column":26}}},"fnMap":{},"branchMap":{},"s":{"0":2,"1":2,"2":2,"3":2,"4":2,"5":2,"6":2,"7":2,"8":2,"9":2,"10":2,"11":2,"12":2,"13":2,"14":2,"15":2,"16":2,"17":2,"18":2,"19":2,"20":2,"21":2,"22":2,"23":2,"24":2,"25":2,"26":2,"27":2,"28":2,"29":2,"30":2,"31":2,"32":2,"33":2,"34":2,"35":2,"36":2,"37":2,"38":2,"39":2,"40":2,"41":2,"42":2,"43":2},"f":{},"b":{},"_coverageSchema":"1a1c01bbd47fc00a2c39e90264f33305004495a9","hash":"7e05f8da90662fb46d28b97db162e4f67a2e4268"}
,"E:\\Online Courses\\Udemy Courses\\The complete 2024 Web Development Bootcamp\\New projects\\Tetris\\globalVariables\\stateVars.js": {"path":"E:\\Online Courses\\Udemy Courses\\The complete 2024 Web Development Bootcamp\\New projects\\Tetris\\globalVariables\\stateVars.js","statementMap":{},"fnMap":{},"branchMap":{},"s":{},"f":{},"b":{},"_coverageSchema":"1a1c01bbd47fc00a2c39e90264f33305004495a9","hash":"80af5b8b6f8ce1fbbace1a72553eb62241b8bb2a"}
,"E:\\Online Courses\\Udemy Courses\\The complete 2024 Web Development Bootcamp\\New projects\\Tetris\\globalVariables\\tetrisPieces.js": {"path":"E:\\Online Courses\\Udemy Courses\\The complete 2024 Web Development Bootcamp\\New projects\\Tetris\\globalVariables\\tetrisPieces.js","statementMap":{"0":{"start":{"line":1,"column":24},"end":{"line":8,"column":1}},"1":{"start":{"line":10,"column":26},"end":{"line":13,"column":5}},"2":{"start":{"line":15,"column":26},"end":{"line":20,"column":5}},"3":{"start":{"line":22,"column":26},"end":{"line":26,"column":5}},"4":{"start":{"line":28,"column":26},"end":{"line":32,"column":5}},"5":{"start":{"line":34,"column":26},"end":{"line":37,"column":5}},"6":{"start":{"line":39,"column":26},"end":{"line":42,"column":5}},"7":{"start":{"line":44,"column":26},"end":{"line":47,"column":5}}},"fnMap":{},"branchMap":{},"s":{"0":2,"1":2,"2":2,"3":2,"4":2,"5":2,"6":2,"7":2},"f":{},"b":{},"_coverageSchema":"1a1c01bbd47fc00a2c39e90264f33305004495a9","hash":"240ba0d83f61ed8905f7ddb5ddea6990c25f9a5d"}
}
