TN:
SF:sum.js
FN:1,sum
FNF:1
FNH:1
FNDA:1,sum
DA:2,1
LF:1
LH:1
BRF:0
BRH:0
end_of_record
TN:
SF:eventListeners\directEventLists.js
FN:14,setUpIndependentEventListeners
FN:15,(anonymous_1)
FN:29,(anonymous_2)
FN:38,(anonymous_3)
FN:47,(anonymous_4)
FN:56,(anonymous_5)
FN:65,(anonymous_6)
FN:74,(anonymous_7)
FN:85,setUpDependentEventListeners
FN:88,(anonymous_9)
FN:92,(anonymous_10)
FN:96,(anonymous_11)
FN:100,(anonymous_12)
FN:104,(anonymous_13)
FN:108,(anonymous_14)
FN:112,(anonymous_15)
FN:116,(anonymous_16)
FN:128,(anonymous_17)
FN:145,setUpTouchControls
FN:148,(anonymous_19)
FN:168,handleGesture
FN:198,(anonymous_21)
FN:202,(anonymous_22)
FN:207,(anonymous_23)
FN:214,(anonymous_24)
FN:219,(anonymous_25)
FNF:26
FNH:2
FNDA:1,setUpIndependentEventListeners
FNDA:0,(anonymous_1)
FNDA:2,(anonymous_2)
FNDA:0,(anonymous_3)
FNDA:0,(anonymous_4)
FNDA:0,(anonymous_5)
FNDA:0,(anonymous_6)
FNDA:0,(anonymous_7)
FNDA:0,setUpDependentEventListeners
FNDA:0,(anonymous_9)
FNDA:0,(anonymous_10)
FNDA:0,(anonymous_11)
FNDA:0,(anonymous_12)
FNDA:0,(anonymous_13)
FNDA:0,(anonymous_14)
FNDA:0,(anonymous_15)
FNDA:0,(anonymous_16)
FNDA:0,(anonymous_17)
FNDA:0,setUpTouchControls
FNDA:0,(anonymous_19)
FNDA:0,handleGesture
FNDA:0,(anonymous_21)
FNDA:0,(anonymous_22)
FNDA:0,(anonymous_23)
FNDA:0,(anonymous_24)
FNDA:0,(anonymous_25)
DA:15,1
DA:16,0
DA:17,0
DA:18,0
DA:19,0
DA:20,0
DA:21,0
DA:22,0
DA:25,1
DA:27,1
DA:29,1
DA:30,2
DA:38,1
DA:39,0
DA:47,1
DA:48,0
DA:56,1
DA:57,0
DA:58,0
DA:65,1
DA:66,0
DA:67,0
DA:74,1
DA:75,0
DA:76,0
DA:86,0
DA:88,0
DA:89,0
DA:92,0
DA:93,0
DA:96,0
DA:97,0
DA:100,0
DA:101,0
DA:104,0
DA:105,0
DA:108,0
DA:109,0
DA:112,0
DA:113,0
DA:116,0
DA:117,0
DA:121,0
DA:123,0
DA:128,0
DA:129,0
DA:130,0
DA:131,0
DA:132,0
DA:133,0
DA:137,0
DA:146,0
DA:148,0
DA:152,0
DA:156,0
DA:160,0
DA:164,0
DA:169,0
DA:170,0
DA:172,0
DA:173,0
DA:175,0
DA:176,0
DA:178,0
DA:181,0
DA:182,0
DA:183,0
DA:185,0
DA:189,0
DA:190,0
DA:191,0
DA:193,0
DA:198,0
DA:199,0
DA:202,0
DA:203,0
DA:204,0
DA:207,0
DA:208,0
DA:209,0
DA:211,0
DA:214,0
DA:215,0
DA:216,0
DA:219,0
DA:220,0
DA:221,0
DA:223,0
LF:88
LH:10
BRDA:57,0,0,0
BRDA:57,0,1,0
BRDA:66,1,0,0
BRDA:66,1,1,0
BRDA:75,2,0,0
BRDA:75,2,1,0
BRDA:129,3,0,0
BRDA:129,3,1,0
BRDA:175,4,0,0
BRDA:175,4,1,0
BRDA:181,5,0,0
BRDA:181,5,1,0
BRDA:181,6,0,0
BRDA:181,6,1,0
BRDA:182,7,0,0
BRDA:182,7,1,0
BRDA:189,8,0,0
BRDA:189,8,1,0
BRDA:189,9,0,0
BRDA:189,9,1,0
BRDA:190,10,0,0
BRDA:190,10,1,0
BRF:22
BRH:0
end_of_record
TN:
SF:functions\generalFunctions.js
FN:7,rotateMatrixClockwise
FN:19,rotateMatrixAntiClockwise
FN:33,shuffleArray
FN:53,trimMatrixBottom
FN:65,trimMatrixTop
FN:80,trimMatrixRight
FN:96,(anonymous_6)
FN:104,trimMatrixLeft
FN:119,(anonymous_8)
FN:126,trimAllMatrixSides
FN:135,getDepthMap
FN:138,(anonymous_11)
FN:148,(anonymous_12)
FN:164,(anonymous_13)
FN:173,toggleCustomDisplay
FN:194,toggleInvalidFeedback
FN:218,checkBoardHeight
FN:226,toggleMusic
FN:238,toggleSounds
FN:260,preLoadSoundFile
FN:271,checkArraysEqual
FN:286,handleLocalScoreInitialize
FN:293,checkHighScore
FN:295,(anonymous_23)
FNF:24
FNH:2
FNDA:2,rotateMatrixClockwise
FNDA:0,rotateMatrixAntiClockwise
FNDA:0,shuffleArray
FNDA:0,trimMatrixBottom
FNDA:0,trimMatrixTop
FNDA:0,trimMatrixRight
FNDA:0,(anonymous_6)
FNDA:0,trimMatrixLeft
FNDA:0,(anonymous_8)
FNDA:0,trimAllMatrixSides
FNDA:0,getDepthMap
FNDA:0,(anonymous_11)
FNDA:0,(anonymous_12)
FNDA:0,(anonymous_13)
FNDA:2,toggleCustomDisplay
FNDA:0,toggleInvalidFeedback
FNDA:0,checkBoardHeight
FNDA:0,toggleMusic
FNDA:0,toggleSounds
FNDA:0,preLoadSoundFile
FNDA:0,checkArraysEqual
FNDA:0,handleLocalScoreInitialize
FNDA:0,checkHighScore
FNDA:0,(anonymous_23)
DA:8,2
DA:9,2
DA:10,3
DA:11,3
DA:12,8
DA:14,3
DA:16,2
DA:20,0
DA:22,0
DA:23,0
DA:24,0
DA:25,0
DA:27,0
DA:29,0
DA:34,0
DA:35,0
DA:38,0
DA:39,0
DA:40,0
DA:41,0
DA:47,0
DA:54,0
DA:55,0
DA:57,0
DA:58,0
DA:59,0
DA:61,0
DA:66,0
DA:67,0
DA:69,0
DA:73,0
DA:74,0
DA:76,0
DA:81,0
DA:84,0
DA:85,0
DA:86,0
DA:87,0
DA:88,0
DA:91,0
DA:92,0
DA:93,0
DA:96,0
DA:97,0
DA:100,0
DA:105,0
DA:107,0
DA:108,0
DA:109,0
DA:110,0
DA:111,0
DA:114,0
DA:115,0
DA:116,0
DA:119,0
DA:120,0
DA:123,0
DA:127,0
DA:136,0
DA:137,0
DA:138,0
DA:141,0
DA:142,0
DA:144,0
DA:148,0
DA:149,0
DA:150,0
DA:151,0
DA:152,0
DA:153,0
DA:155,0
DA:159,0
DA:163,0
DA:164,0
DA:165,0
DA:167,0
DA:179,2
DA:180,1
DA:181,1
DA:182,1
DA:183,1
DA:184,1
DA:186,1
DA:187,1
DA:188,1
DA:189,1
DA:190,1
DA:196,0
DA:197,0
DA:198,0
DA:199,0
DA:200,0
DA:201,0
DA:202,0
DA:205,0
DA:206,0
DA:207,0
DA:208,0
DA:209,0
DA:211,0
DA:212,0
DA:213,0
DA:214,0
DA:219,0
DA:227,0
DA:228,0
DA:229,0
DA:230,0
DA:232,0
DA:233,0
DA:234,0
DA:239,0
DA:240,0
DA:241,0
DA:242,0
DA:243,0
DA:244,0
DA:245,0
DA:246,0
DA:247,0
DA:249,0
DA:250,0
DA:251,0
DA:252,0
DA:253,0
DA:254,0
DA:255,0
DA:256,0
DA:262,0
DA:263,0
DA:264,0
DA:272,0
DA:274,0
DA:275,0
DA:276,0
DA:279,0
DA:287,0
DA:288,0
DA:289,0
DA:294,0
DA:295,0
DA:297,0
DA:301,0
LF:143
LH:18
BRDA:57,0,0,0
BRDA:57,0,1,0
BRDA:70,1,0,0
BRDA:70,1,1,0
BRDA:87,2,0,0
BRDA:87,2,1,0
BRDA:91,3,0,0
BRDA:91,3,1,0
BRDA:110,4,0,0
BRDA:110,4,1,0
BRDA:114,5,0,0
BRDA:114,5,1,0
BRDA:138,6,0,0
BRDA:138,6,1,0
BRDA:141,7,0,0
BRDA:141,7,1,0
BRDA:150,8,0,0
BRDA:150,8,1,0
BRDA:152,9,0,0
BRDA:152,9,1,0
BRDA:179,10,0,1
BRDA:179,10,1,1
BRDA:197,11,0,0
BRDA:197,11,1,0
BRDA:198,12,0,0
BRDA:198,12,1,0
BRDA:198,12,2,0
BRDA:199,13,0,0
BRDA:199,13,1,0
BRDA:200,14,0,0
BRDA:200,14,1,0
BRDA:200,14,2,0
BRDA:201,15,0,0
BRDA:201,15,1,0
BRDA:202,16,0,0
BRDA:202,16,1,0
BRDA:202,16,2,0
BRDA:205,17,0,0
BRDA:205,17,1,0
BRDA:227,18,0,0
BRDA:227,18,1,0
BRDA:239,19,0,0
BRDA:239,19,1,0
BRDA:272,20,0,0
BRDA:272,20,1,0
BRDA:275,21,0,0
BRDA:275,21,1,0
BRDA:288,22,0,0
BRDA:288,22,1,0
BRDA:298,23,0,0
BRDA:298,23,1,0
BRDA:298,23,2,0
BRF:52
BRH:2
end_of_record
TN:
SF:functions\stateEnquiry.js
FN:9,checkBricksInColForDepth
FN:10,(anonymous_1)
FN:21,checkFloor
FN:22,(anonymous_3)
FN:36,findFloor
FN:40,(anonymous_5)
FN:54,(anonymous_6)
FN:58,(anonymous_7)
FN:67,(anonymous_8)
FN:80,getRowsOfBricked
FN:83,(anonymous_10)
FN:90,getFullRowsArray
FN:96,(anonymous_12)
FN:97,(anonymous_13)
FN:108,getAvailableColumns
FN:116,(anonymous_15)
FN:129,(anonymous_16)
FNF:17
FNH:0
FNDA:0,checkBricksInColForDepth
FNDA:0,(anonymous_1)
FNDA:0,checkFloor
FNDA:0,(anonymous_3)
FNDA:0,findFloor
FNDA:0,(anonymous_5)
FNDA:0,(anonymous_6)
FNDA:0,(anonymous_7)
FNDA:0,(anonymous_8)
FNDA:0,getRowsOfBricked
FNDA:0,(anonymous_10)
FNDA:0,getFullRowsArray
FNDA:0,(anonymous_12)
FNDA:0,(anonymous_13)
FNDA:0,getAvailableColumns
FNDA:0,(anonymous_15)
FNDA:0,(anonymous_16)
DA:10,0
DA:11,0
DA:18,0
DA:22,0
DA:23,0
DA:30,0
DA:31,0
DA:33,0
DA:37,0
DA:40,0
DA:41,0
DA:46,0
DA:50,0
DA:54,0
DA:56,0
DA:57,0
DA:58,0
DA:59,0
DA:66,0
DA:67,0
DA:68,0
DA:70,0
DA:72,0
DA:75,0
DA:77,0
DA:81,0
DA:82,0
DA:83,0
DA:85,0
DA:87,0
DA:92,0
DA:94,0
DA:96,0
DA:97,0
DA:98,0
DA:100,0
DA:101,0
DA:105,0
DA:109,0
DA:110,0
DA:111,0
DA:112,0
DA:116,0
DA:117,0
DA:123,0
DA:124,0
DA:125,0
DA:128,0
DA:129,0
DA:130,0
DA:134,0
DA:135,0
DA:137,0
DA:139,0
DA:140,0
DA:144,0
LF:56
LH:0
BRDA:12,0,0,0
BRDA:12,0,1,0
BRDA:12,0,2,0
BRDA:24,1,0,0
BRDA:24,1,1,0
BRDA:30,2,0,0
BRDA:30,2,1,0
BRDA:41,3,0,0
BRDA:41,3,1,0
BRDA:60,4,0,0
BRDA:60,4,1,0
BRDA:60,4,2,0
BRDA:66,5,0,0
BRDA:66,5,1,0
BRDA:100,6,0,0
BRDA:100,6,1,0
BRDA:118,7,0,0
BRDA:118,7,1,0
BRDA:123,8,0,0
BRDA:123,8,1,0
BRDA:134,9,0,0
BRDA:134,9,1,0
BRDA:139,10,0,0
BRDA:139,10,1,0
BRF:24
BRH:0
end_of_record
TN:
SF:functions\stateChangeFunctions\addBrickFunctions.js
FN:10,addFloatingBricks
FN:14,addFlooredBricks
FN:18,addFloorGuideBricks
FN:22,generateGridCells
FN:64,updateNextPieceIndicator
FN:140,generateTetrisPieceFunction
FN:171,nextMatrixSet
FN:205,particularPieceGenerateFunction
FN:281,fillSevenBag
FN:286,generateUnblockedPieceFunction
FN:303,(anonymous_10)
FNF:11
FNH:0
FNDA:0,addFloatingBricks
FNDA:0,addFlooredBricks
FNDA:0,addFloorGuideBricks
FNDA:0,generateGridCells
FNDA:0,updateNextPieceIndicator
FNDA:0,generateTetrisPieceFunction
FNDA:0,nextMatrixSet
FNDA:0,particularPieceGenerateFunction
FNDA:0,fillSevenBag
FNDA:0,generateUnblockedPieceFunction
FNDA:0,(anonymous_10)
DA:11,0
DA:15,0
DA:19,0
DA:23,0
DA:24,0
DA:25,0
DA:26,0
DA:27,0
DA:30,0
DA:32,0
DA:33,0
DA:34,0
DA:59,0
DA:61,0
DA:66,0
DA:68,0
DA:71,0
DA:72,0
DA:74,0
DA:77,0
DA:78,0
DA:79,0
DA:80,0
DA:81,0
DA:82,0
DA:84,0
DA:87,0
DA:89,0
DA:92,0
DA:93,0
DA:94,0
DA:97,0
DA:98,0
DA:99,0
DA:101,0
DA:103,0
DA:105,0
DA:107,0
DA:111,0
DA:112,0
DA:137,0
DA:149,0
DA:151,0
DA:155,0
DA:157,0
DA:158,0
DA:160,0
DA:161,0
DA:162,0
DA:163,0
DA:165,0
DA:167,0
DA:172,0
DA:174,0
DA:175,0
DA:178,0
DA:179,0
DA:182,0
DA:183,0
DA:186,0
DA:187,0
DA:190,0
DA:191,0
DA:194,0
DA:195,0
DA:198,0
DA:199,0
DA:213,0
DA:215,0
DA:216,0
DA:219,0
DA:220,0
DA:223,0
DA:224,0
DA:227,0
DA:228,0
DA:231,0
DA:232,0
DA:235,0
DA:236,0
DA:239,0
DA:240,0
DA:244,0
DA:246,0
DA:247,0
DA:250,0
DA:251,0
DA:254,0
DA:255,0
DA:258,0
DA:259,0
DA:262,0
DA:263,0
DA:266,0
DA:267,0
DA:270,0
DA:271,0
DA:274,0
DA:275,0
DA:276,0
DA:277,0
DA:282,0
DA:283,0
DA:290,0
DA:291,0
DA:292,0
DA:293,0
DA:294,0
DA:295,0
DA:297,0
DA:298,0
DA:300,0
DA:301,0
DA:303,0
DA:304,0
DA:305,0
DA:307,0
DA:309,0
LF:118
LH:0
BRDA:68,0,0,0
BRDA:68,0,1,0
BRDA:77,1,0,0
BRDA:77,1,1,0
BRDA:80,2,0,0
BRDA:80,2,1,0
BRDA:81,3,0,0
BRDA:81,3,1,0
BRDA:97,4,0,0
BRDA:97,4,1,0
BRDA:98,5,0,0
BRDA:98,5,1,0
BRDA:157,6,0,0
BRDA:157,6,1,0
BRDA:172,7,0,0
BRDA:172,7,1,0
BRDA:172,7,2,0
BRDA:172,7,3,0
BRDA:172,7,4,0
BRDA:172,7,5,0
BRDA:172,7,6,0
BRDA:172,7,7,0
BRDA:213,8,0,0
BRDA:213,8,1,0
BRDA:213,8,2,0
BRDA:213,8,3,0
BRDA:213,8,4,0
BRDA:213,8,5,0
BRDA:213,8,6,0
BRDA:213,8,7,0
BRDA:244,9,0,0
BRDA:244,9,1,0
BRDA:244,9,2,0
BRDA:244,9,3,0
BRDA:244,9,4,0
BRDA:244,9,5,0
BRDA:244,9,6,0
BRDA:244,9,7,0
BRDA:274,10,0,0
BRDA:274,10,1,0
BRDA:276,11,0,0
BRDA:276,11,1,0
BRDA:290,12,0,0
BRDA:290,12,1,0
BRDA:293,13,0,0
BRDA:293,13,1,0
BRDA:304,14,0,0
BRDA:304,14,1,0
BRF:48
BRH:0
end_of_record
TN:
SF:functions\stateChangeFunctions\clearBrickFunctions.js
FN:8,clearFullRows
FN:11,(anonymous_1)
FN:34,(anonymous_2)
FN:56,handleClassClearing
FN:58,(anonymous_4)
FN:66,(anonymous_5)
FN:72,clearFloatingBricks
FN:76,clearFloorGuideBricks
FN:80,shiftBricks
FN:83,(anonymous_9)
FN:88,(anonymous_10)
FN:92,(anonymous_11)
FN:99,(anonymous_12)
FNF:13
FNH:0
FNDA:0,clearFullRows
FNDA:0,(anonymous_1)
FNDA:0,(anonymous_2)
FNDA:0,handleClassClearing
FNDA:0,(anonymous_4)
FNDA:0,(anonymous_5)
FNDA:0,clearFloatingBricks
FNDA:0,clearFloorGuideBricks
FNDA:0,shiftBricks
FNDA:0,(anonymous_9)
FNDA:0,(anonymous_10)
FNDA:0,(anonymous_11)
FNDA:0,(anonymous_12)
DA:9,0
DA:10,0
DA:11,0
DA:12,0
DA:13,0
DA:15,0
DA:16,0
DA:18,0
DA:19,0
DA:20,0
DA:21,0
DA:23,0
DA:24,0
DA:25,0
DA:31,0
DA:34,0
DA:35,0
DA:40,0
DA:43,0
DA:50,0
DA:52,0
DA:57,0
DA:58,0
DA:59,0
DA:60,0
DA:62,0
DA:65,0
DA:66,0
DA:67,0
DA:73,0
DA:77,0
DA:81,0
DA:83,0
DA:84,0
DA:86,0
DA:87,0
DA:88,0
DA:89,0
DA:90,0
DA:92,0
DA:93,0
DA:94,0
DA:95,0
DA:96,0
DA:99,0
DA:100,0
LF:46
LH:0
BRDA:20,0,0,0
BRDA:20,0,1,0
BRDA:31,1,0,0
BRDA:31,1,1,0
BRDA:36,2,0,0
BRDA:36,2,1,0
BRDA:59,3,0,0
BRDA:59,3,1,0
BRDA:65,4,0,0
BRDA:65,4,1,0
BRDA:81,5,0,0
BRDA:81,5,1,0
BRDA:93,6,0,0
BRDA:93,6,1,0
BRF:14
BRH:0
end_of_record
TN:
SF:functions\stateChangeFunctions\generalGameFunctions.js
FN:20,pauseGame
FN:24,resetCurrentArrays
FN:31,handleEndGame
FN:35,buttonClickValidation
FN:39,updateCurrentUserArray
FN:43,setBoardDimensions
FN:47,selectNextPiece
FN:54,generateTetrisPiece
FN:67,generateParticularPiece
FN:75,generateFirstPiece
FN:82,generateNextPiece
FN:86,generateUnblockedPiece
FN:93,movePieceRight
FN:103,movePieceLeft
FN:113,instaDrop
FN:125,movePieceDown
FN:139,unPauseGame
FN:143,handleGameUnPause
FN:147,startGame
FN:158,handleUsersettings
FN:162,handleSettingsConfirm
FN:166,rotatePieceClockwise
FN:176,rotatePieceAntiClockwise
FN:186,handleKeyPress
FN:198,nextPieceLogic
FN:205,brickHitBottomLogic
FNF:26
FNH:0
FNDA:0,pauseGame
FNDA:0,resetCurrentArrays
FNDA:0,handleEndGame
FNDA:0,buttonClickValidation
FNDA:0,updateCurrentUserArray
FNDA:0,setBoardDimensions
FNDA:0,selectNextPiece
FNDA:0,generateTetrisPiece
FNDA:0,generateParticularPiece
FNDA:0,generateFirstPiece
FNDA:0,generateNextPiece
FNDA:0,generateUnblockedPiece
FNDA:0,movePieceRight
FNDA:0,movePieceLeft
FNDA:0,instaDrop
FNDA:0,movePieceDown
FNDA:0,unPauseGame
FNDA:0,handleGameUnPause
FNDA:0,startGame
FNDA:0,handleUsersettings
FNDA:0,handleSettingsConfirm
FNDA:0,rotatePieceClockwise
FNDA:0,rotatePieceAntiClockwise
FNDA:0,handleKeyPress
FNDA:0,nextPieceLogic
FNDA:0,brickHitBottomLogic
DA:21,0
DA:25,0
DA:32,0
DA:36,0
DA:40,0
DA:44,0
DA:48,0
DA:55,0
DA:68,0
DA:76,0
DA:83,0
DA:87,0
DA:94,0
DA:104,0
DA:114,0
DA:122,0
DA:126,0
DA:140,0
DA:144,0
DA:148,0
DA:159,0
DA:163,0
DA:167,0
DA:177,0
DA:187,0
DA:199,0
DA:200,0
DA:201,0
DA:202,0
DA:206,0
LF:30
LH:0
BRF:0
BRH:0
end_of_record
TN:
SF:functions\stateChangeFunctions\moveBricks.js
FN:6,movePieceRightFunction
FN:16,(anonymous_1)
FN:21,(anonymous_2)
FN:43,movePieceLeftFunction
FN:52,(anonymous_4)
FN:57,(anonymous_5)
FN:79,movePieceDownFunction
FN:105,instaDropFunction
FNF:8
FNH:0
FNDA:0,movePieceRightFunction
FNDA:0,(anonymous_1)
FNDA:0,(anonymous_2)
FNDA:0,movePieceLeftFunction
FNDA:0,(anonymous_4)
FNDA:0,(anonymous_5)
FNDA:0,movePieceDownFunction
FNDA:0,instaDropFunction
DA:13,0
DA:16,0
DA:17,0
DA:19,0
DA:21,0
DA:22,0
DA:23,0
DA:25,0
DA:28,0
DA:32,0
DA:33,0
DA:34,0
DA:35,0
DA:36,0
DA:37,0
DA:50,0
DA:52,0
DA:53,0
DA:55,0
DA:57,0
DA:58,0
DA:59,0
DA:61,0
DA:64,0
DA:65,0
DA:66,0
DA:68,0
DA:70,0
DA:72,0
DA:73,0
DA:89,0
DA:90,0
DA:91,0
DA:92,0
DA:93,0
DA:94,0
DA:95,0
DA:96,0
DA:98,0
DA:99,0
DA:100,0
DA:101,0
DA:112,0
DA:113,0
DA:116,0
DA:117,0
DA:118,0
DA:119,0
DA:120,0
DA:121,0
DA:122,0
DA:123,0
LF:52
LH:0
BRDA:22,0,0,0
BRDA:22,0,1,0
BRDA:28,1,0,0
BRDA:28,1,1,0
BRDA:29,2,0,0
BRDA:29,2,1,0
BRDA:58,3,0,0
BRDA:58,3,1,0
BRDA:64,4,0,0
BRDA:64,4,1,0
BRDA:64,5,0,0
BRDA:64,5,1,0
BRDA:92,6,0,0
BRDA:92,6,1,0
BRF:14
BRH:0
end_of_record
TN:
SF:functions\stateChangeFunctions\rotateBricks.js
FN:8,rotatePieceClockwiseFunction
FN:30,(anonymous_1)
FN:34,(anonymous_2)
FN:76,(anonymous_3)
FN:104,rotatePieceAntiClockwiseFunction
FN:124,(anonymous_5)
FN:128,(anonymous_6)
FN:170,(anonymous_7)
FNF:8
FNH:0
FNDA:0,rotatePieceClockwiseFunction
FNDA:0,(anonymous_1)
FNDA:0,(anonymous_2)
FNDA:0,(anonymous_3)
FNDA:0,rotatePieceAntiClockwiseFunction
FNDA:0,(anonymous_5)
FNDA:0,(anonymous_6)
FNDA:0,(anonymous_7)
DA:16,0
DA:17,0
DA:19,0
DA:20,0
DA:21,0
DA:22,0
DA:24,0
DA:25,0
DA:26,0
DA:30,0
DA:31,0
DA:34,0
DA:35,0
DA:38,0
DA:40,0
DA:42,0
DA:43,0
DA:47,0
DA:49,0
DA:53,0
DA:55,0
DA:59,0
DA:61,0
DA:65,0
DA:67,0
DA:70,0
DA:73,0
DA:75,0
DA:76,0
DA:77,0
DA:80,0
DA:82,0
DA:83,0
DA:86,0
DA:87,0
DA:88,0
DA:90,0
DA:93,0
DA:94,0
DA:96,0
DA:100,0
DA:101,0
DA:111,0
DA:112,0
DA:113,0
DA:114,0
DA:115,0
DA:116,0
DA:118,0
DA:119,0
DA:120,0
DA:124,0
DA:125,0
DA:128,0
DA:129,0
DA:132,0
DA:134,0
DA:136,0
DA:137,0
DA:141,0
DA:143,0
DA:147,0
DA:149,0
DA:153,0
DA:155,0
DA:159,0
DA:161,0
DA:164,0
DA:167,0
DA:169,0
DA:170,0
DA:171,0
DA:174,0
DA:176,0
DA:177,0
DA:180,0
DA:181,0
DA:182,0
DA:184,0
DA:187,0
DA:188,0
DA:190,0
DA:194,0
DA:195,0
LF:84
LH:0
BRDA:49,0,0,0
BRDA:49,0,1,0
BRDA:50,1,0,0
BRDA:50,1,1,0
BRDA:61,2,0,0
BRDA:61,2,1,0
BRDA:62,3,0,0
BRDA:62,3,1,0
BRDA:80,4,0,0
BRDA:80,4,1,0
BRDA:87,5,0,0
BRDA:87,5,1,0
BRDA:93,6,0,0
BRDA:93,6,1,0
BRDA:143,7,0,0
BRDA:143,7,1,0
BRDA:144,8,0,0
BRDA:144,8,1,0
BRDA:155,9,0,0
BRDA:155,9,1,0
BRDA:156,10,0,0
BRDA:156,10,1,0
BRDA:174,11,0,0
BRDA:174,11,1,0
BRDA:181,12,0,0
BRDA:181,12,1,0
BRDA:187,13,0,0
BRDA:187,13,1,0
BRF:28
BRH:0
end_of_record
TN:
SF:functions\stateChangeFunctions\stateChangeFunctions.js
FN:8,pauseGameFunction
FN:16,resetCurrentArraysFunction
FN:28,handleEndGameFunction
FN:37,(anonymous_3)
FN:40,buttonClickValidationFunction
FN:47,updateCurrentFloorGuideArray
FN:55,(anonymous_6)
FN:60,updateCurrentUserArrayFunction
FN:64,(anonymous_8)
FN:66,(anonymous_9)
FN:80,setBoardDimensionsFunction
FN:97,selectNextPieceFunction
FN:108,generateFirstPieceFunction
FN:123,unPauseGameFunction
FN:135,handleGameUnPauseFunction
FN:145,startGameFunction
FN:187,handleUsersettingsFunction
FN:296,handleSettingsConfirmFunction
FN:304,brickHitBottomLogicFunction
FN:335,(anonymous_19)
FN:348,handleKeyPressFunction
FNF:21
FNH:0
FNDA:0,pauseGameFunction
FNDA:0,resetCurrentArraysFunction
FNDA:0,handleEndGameFunction
FNDA:0,(anonymous_3)
FNDA:0,buttonClickValidationFunction
FNDA:0,updateCurrentFloorGuideArray
FNDA:0,(anonymous_6)
FNDA:0,updateCurrentUserArrayFunction
FNDA:0,(anonymous_8)
FNDA:0,(anonymous_9)
FNDA:0,setBoardDimensionsFunction
FNDA:0,selectNextPieceFunction
FNDA:0,generateFirstPieceFunction
FNDA:0,unPauseGameFunction
FNDA:0,handleGameUnPauseFunction
FNDA:0,startGameFunction
FNDA:0,handleUsersettingsFunction
FNDA:0,handleSettingsConfirmFunction
FNDA:0,brickHitBottomLogicFunction
FNDA:0,(anonymous_19)
FNDA:0,handleKeyPressFunction
DA:9,0
DA:10,0
DA:11,0
DA:12,0
DA:20,0
DA:21,0
DA:22,0
DA:23,0
DA:24,0
DA:25,0
DA:29,0
DA:31,0
DA:32,0
DA:35,0
DA:37,0
DA:41,0
DA:42,0
DA:44,0
DA:48,0
DA:49,0
DA:50,0
DA:53,0
DA:55,0
DA:56,0
DA:61,0
DA:64,0
DA:66,0
DA:68,0
DA:69,0
DA:77,0
DA:81,0
DA:82,0
DA:83,0
DA:84,0
DA:86,0
DA:87,0
DA:88,0
DA:89,0
DA:90,0
DA:92,0
DA:94,0
DA:98,0
DA:99,0
DA:102,0
DA:103,0
DA:104,0
DA:105,0
DA:113,0
DA:114,0
DA:117,0
DA:118,0
DA:119,0
DA:120,0
DA:124,0
DA:125,0
DA:126,0
DA:127,0
DA:136,0
DA:140,0
DA:141,0
DA:153,0
DA:154,0
DA:155,0
DA:156,0
DA:157,0
DA:158,0
DA:159,0
DA:160,0
DA:161,0
DA:162,0
DA:163,0
DA:167,0
DA:168,0
DA:169,0
DA:170,0
DA:171,0
DA:172,0
DA:173,0
DA:174,0
DA:175,0
DA:177,0
DA:188,0
DA:194,0
DA:195,0
DA:196,0
DA:197,0
DA:199,0
DA:200,0
DA:201,0
DA:206,0
DA:208,0
DA:209,0
DA:210,0
DA:212,0
DA:213,0
DA:214,0
DA:216,0
DA:219,0
DA:222,0
DA:223,0
DA:224,0
DA:229,0
DA:231,0
DA:232,0
DA:233,0
DA:235,0
DA:236,0
DA:237,0
DA:239,0
DA:242,0
DA:245,0
DA:246,0
DA:247,0
DA:252,0
DA:253,0
DA:254,0
DA:255,0
DA:257,0
DA:258,0
DA:259,0
DA:261,0
DA:264,0
DA:267,0
DA:268,0
DA:270,0
DA:273,0
DA:274,0
DA:276,0
DA:279,0
DA:282,0
DA:284,0
DA:285,0
DA:286,0
DA:287,0
DA:288,0
DA:290,0
DA:291,0
DA:292,0
DA:297,0
DA:298,0
DA:299,0
DA:300,0
DA:314,0
DA:317,0
DA:318,0
DA:319,0
DA:320,0
DA:321,0
DA:322,0
DA:323,0
DA:324,0
DA:326,0
DA:327,0
DA:331,0
DA:332,0
DA:333,0
DA:334,0
DA:335,0
DA:336,0
DA:338,0
DA:339,0
DA:340,0
DA:343,0
DA:357,0
DA:358,0
DA:360,0
DA:361,0
DA:362,0
DA:365,0
DA:366,0
DA:369,0
DA:370,0
DA:373,0
DA:374,0
DA:375,0
DA:378,0
DA:379,0
DA:380,0
DA:383,0
DA:384,0
LF:180
LH:0
BRDA:9,0,0,0
BRDA:9,0,1,0
BRDA:9,1,0,0
BRDA:9,1,1,0
BRDA:31,2,0,0
BRDA:31,2,1,0
BRDA:41,3,0,0
BRDA:41,3,1,0
BRDA:41,4,0,0
BRDA:41,4,1,0
BRDA:68,5,0,0
BRDA:68,5,1,0
BRDA:88,6,0,0
BRDA:88,6,1,0
BRDA:98,7,0,0
BRDA:98,7,1,0
BRDA:113,8,0,0
BRDA:113,8,1,0
BRDA:124,9,0,0
BRDA:124,9,1,0
BRDA:124,10,0,0
BRDA:124,10,1,0
BRDA:126,11,0,0
BRDA:126,11,1,0
BRDA:136,12,0,0
BRDA:136,12,1,0
BRDA:137,13,0,0
BRDA:137,13,1,0
BRDA:174,14,0,0
BRDA:174,14,1,0
BRDA:199,15,0,0
BRDA:199,15,1,0
BRDA:201,16,0,0
BRDA:201,16,1,0
BRDA:202,17,0,0
BRDA:202,17,1,0
BRDA:202,17,2,0
BRDA:222,18,0,0
BRDA:222,18,1,0
BRDA:224,19,0,0
BRDA:224,19,1,0
BRDA:225,20,0,0
BRDA:225,20,1,0
BRDA:225,20,2,0
BRDA:245,21,0,0
BRDA:245,21,1,0
BRDA:247,22,0,0
BRDA:247,22,1,0
BRDA:248,23,0,0
BRDA:248,23,1,0
BRDA:248,23,2,0
BRDA:267,24,0,0
BRDA:267,24,1,0
BRDA:273,25,0,0
BRDA:273,25,1,0
BRDA:286,26,0,0
BRDA:286,26,1,0
BRDA:297,27,0,0
BRDA:297,27,1,0
BRDA:317,28,0,0
BRDA:317,28,1,0
BRDA:322,29,0,0
BRDA:322,29,1,0
BRDA:331,30,0,0
BRDA:331,30,1,0
BRDA:333,31,0,0
BRDA:333,31,1,0
BRDA:357,32,0,0
BRDA:357,32,1,0
BRDA:357,33,0,0
BRDA:357,33,1,0
BRDA:358,34,0,0
BRDA:358,34,1,0
BRDA:361,35,0,0
BRDA:361,35,1,0
BRDA:365,36,0,0
BRDA:365,36,1,0
BRDA:369,37,0,0
BRDA:369,37,1,0
BRDA:373,38,0,0
BRDA:373,38,1,0
BRDA:374,39,0,0
BRDA:374,39,1,0
BRDA:378,40,0,0
BRDA:378,40,1,0
BRDA:379,41,0,0
BRDA:379,41,1,0
BRDA:383,42,0,0
BRDA:383,42,1,0
BRF:89
BRH:0
end_of_record
TN:
SF:globalVariables\docElems.js
FNF:0
FNH:0
DA:4,2
DA:5,2
DA:6,2
DA:7,2
DA:8,2
DA:9,2
DA:12,2
DA:13,2
DA:14,2
DA:15,2
DA:16,2
DA:17,2
DA:18,2
DA:19,2
DA:20,2
DA:21,2
DA:22,2
DA:23,2
DA:24,2
DA:25,2
DA:26,2
DA:27,2
DA:28,2
DA:31,2
DA:32,2
DA:33,2
DA:34,2
DA:37,2
DA:40,2
DA:43,2
DA:46,2
DA:49,2
DA:50,2
DA:53,2
DA:56,2
DA:57,2
DA:58,2
DA:59,2
DA:60,2
DA:61,2
DA:62,2
DA:63,2
DA:64,2
DA:66,2
LF:44
LH:44
BRF:0
BRH:0
end_of_record
TN:
SF:globalVariables\stateVars.js
FNF:0
FNH:0
LF:0
LH:0
BRF:0
BRH:0
end_of_record
TN:
SF:globalVariables\tetrisPieces.js
FNF:0
FNH:0
DA:1,2
DA:10,2
DA:15,2
DA:22,2
DA:28,2
DA:34,2
DA:39,2
DA:44,2
LF:8
LH:8
BRF:0
BRH:0
end_of_record
